2023-06-23 16:20:39,429 966831 INFO ? odoo: Odoo version 12.0 
2023-06-23 16:20:39,429 966831 INFO ? odoo: Using configuration file at /home/odoo/12.0/zerobug-test/test_testenv/tests/logs/zero12.zerobug-test.test_testenv.conf 
2023-06-23 16:20:39,430 966831 INFO ? odoo: addons paths: ['/home/odoo/.local/share/Odoo12/addons/12.0', '/home/odoo/12.0/odoo/addons', '/home/odoo/12.0/addons', '/home/odoo/.local/share/Odoo12/addons', '/home/odoo/12.0/account-analytic', '/home/odoo/12.0/account-budgeting', '/home/odoo/12.0/account-closing', '/home/odoo/12.0/account-consolidation', '/home/odoo/12.0/account-financial-reporting', '/home/odoo/12.0/account-financial-tools', '/home/odoo/12.0/account-fiscal-rule', '/home/odoo/12.0/account-invoice-reporting', '/home/odoo/12.0/account-invoicing', '/home/odoo/12.0/account-payment', '/home/odoo/12.0/account-reconcile', '/home/odoo/12.0/apps-store', '/home/odoo/12.0/bank-payment', '/home/odoo/12.0/bank-statement-import', '/home/odoo/12.0/brand', '/home/odoo/12.0/business-requirement', '/home/odoo/12.0/calendar', '/home/odoo/12.0/commission', '/home/odoo/12.0/community-data-files', '/home/odoo/12.0/connector', '/home/odoo/12.0/contract', '/home/odoo/12.0/credit-control', '/home/odoo/12.0/crm', '/home/odoo/12.0/currency', '/home/odoo/12.0/data-protection', '/home/odoo/12.0/delivery-carrier', '/home/odoo/12.0/dms', '/home/odoo/12.0/e-commerce', '/home/odoo/12.0/edi', '/home/odoo/12.0/geospatial', '/home/odoo/12.0/helpdesk', '/home/odoo/12.0/hr', '/home/odoo/12.0/intrastat-extrastat', '/home/odoo/12.0/iot', '/home/odoo/12.0/knowledge', '/home/odoo/12.0/l10n-italy', '/home/odoo/12.0/l10n-italy-supplemental', '/home/odoo/12.0/maintenance', '/home/odoo/12.0/mgmtsystem', '/home/odoo/12.0/manufacture', '/home/odoo/12.0/manufacture-reporting', '/home/odoo/12.0/margin-analysis', '/home/odoo/12.0/mis-builder', '/home/odoo/12.0/mis-builder-contrib', '/home/odoo/12.0/multi-company', '/home/odoo/12.0/partner-contact', '/home/odoo/12.0/pos', '/home/odoo/12.0/product-attribute', '/home/odoo/12.0/product-pack', '/home/odoo/12.0/product-variant', '/home/odoo/12.0/profiles', '/home/odoo/12.0/project', '/home/odoo/12.0/project-agile', '/home/odoo/12.0/project-reporting', '/home/odoo/12.0/purchase-reporting', '/home/odoo/12.0/purchase-workflow', '/home/odoo/12.0/queue', '/home/odoo/12.0/report-print-send', '/home/odoo/12.0/reporting-engine', '/home/odoo/12.0/rma', '/home/odoo/12.0/sale-reporting', '/home/odoo/12.0/sale-workflow', '/home/odoo/12.0/search-engine', '/home/odoo/12.0/server-auth', '/home/odoo/12.0/server-backend', '/home/odoo/12.0/server-brand', '/home/odoo/12.0/server-env', '/home/odoo/12.0/server-tools', '/home/odoo/12.0/server-ux', '/home/odoo/12.0/social', '/home/odoo/12.0/stock-logistics-barcode', '/home/odoo/12.0/stock-logistics-reporting', '/home/odoo/12.0/stock-logistics-transport', '/home/odoo/12.0/stock-logistics-warehouse', '/home/odoo/12.0/stock-logistics-workflow', '/home/odoo/12.0/storage', '/home/odoo/12.0/timesheet', '/home/odoo/12.0/uncovered', '/home/odoo/12.0/web', '/home/odoo/12.0/website', '/home/odoo/12.0/wms', '/home/odoo/12.0/zerobug-test', '/home/odoo/12.0/venv_odoo/lib/python3.7/site-packages/odoo/addons'] 
2023-06-23 16:20:39,430 966831 INFO ? odoo: database: odoo12@localhost:default 
2023-06-23 16:20:39,474 966831 INFO ? odoo.addons.server_environment.serv_config: not using server_environment_files for configuration, no directory found 
2023-06-23 16:20:39,475 966831 INFO ? odoo.addons.server_environment.serv_config: `running_env` not found. Using default = `test`. 
2023-06-23 16:20:39,475 966831 INFO ? odoo.addons.server_environment.serv_config: We strongly recommend against using the rc file but instead use an explicit config file or env variable. 
2023-06-23 16:20:39,700 966831 INFO ? odoo.addons.base.models.ir_actions_report: Will use the Wkhtmltopdf binary at /usr/local/bin/wkhtmltopdf 
2023-06-23 16:20:39,902 966831 INFO ? odoo.service.server: HTTP service (werkzeug) running on nb200z0.:46115 
2023-06-23 16:20:39,921 966831 INFO test_odoo_12 odoo.modules.loading: loading 1 modules... 
2023-06-23 16:20:39,932 966831 INFO test_odoo_12 odoo.modules.loading: 1 modules loaded in 0.01s, 0 queries 
2023-06-23 16:20:40,072 966831 INFO test_odoo_12 odoo.modules.loading: updating modules list 
2023-06-23 16:20:40,076 966831 INFO test_odoo_12 odoo.addons.base.models.ir_module: ALLOW access to module.update_list on [] to user __system__ #1 via n/a 
2023-06-23 16:20:52,121 966831 INFO test_odoo_12 odoo.addons.base.models.ir_module: ALLOW access to module.button_install on ['test_testenv'] to user __system__ #1 via n/a 
2023-06-23 16:20:52,495 966831 INFO test_odoo_12 odoo.modules.loading: loading 38 modules... 
2023-06-23 16:20:52,867 966831 INFO test_odoo_12 odoo.modules.loading: 38 modules loaded in 0.37s, 0 queries 
2023-06-23 16:20:52,876 966831 INFO test_odoo_12 odoo.modules.loading: loading 39 modules... 
2023-06-23 16:20:53,482 966831 WARNING test_odoo_12 odoo.models: The model testenv.all.fields has no _description 
2023-06-23 16:20:53,670 966831 INFO test_odoo_12 odoo.modules.registry: module test_testenv: creating or updating database tables 
2023-06-23 16:20:53,847 966831 WARNING test_odoo_12 odoo.addons.base.models.ir_model: Two fields (measure, amount) of testenv.all.fields() have the same label: Amount. 
2023-06-23 16:20:53,949 966831 INFO test_odoo_12 odoo.modules.loading: loading test_testenv/security/ir.model.access.csv 
2023-06-23 16:20:53,991 966831 INFO test_odoo_12 odoo.modules.loading: loading test_testenv/views/testenv_model_view.xml 
2023-06-23 16:20:54,094 966831 INFO test_odoo_12 odoo.modules.loading: loading test_testenv/wizard/wizard_example_menu.xml 
2023-06-23 16:20:54,177 966831 INFO test_odoo_12 odoo.modules.loading: Module test_testenv: loading demo 
2023-06-23 16:20:55,146 966831 INFO test_odoo_12 odoo.modules.module: odoo.addons.test_testenv.tests.test_testenv running tests. 
2023-06-23 16:20:55,148 966831 INFO test_odoo_12 odoo.addons.test_testenv.tests.test_testenv: test_mytest (odoo.addons.test_testenv.tests.test_testenv.MyTest) 
2023-06-23 16:20:55,160 966831 INFO test_odoo_12 odoo.addons.test_testenv.tests.testenv:  üåç skeys[res.partner] = ['name'] 
2023-06-23 16:20:55,160 966831 INFO test_odoo_12 odoo.addons.test_testenv.tests.testenv:  üï∂Ô∏è field not_exist_field does not exist in res.partner 
2023-06-23 16:20:55,160 966831 INFO test_odoo_12 odoo.addons.test_testenv.tests.testenv: üíº res.partner.store_resource_data(z0bug.res_partner_1,name=res.partner,group=base) 
2023-06-23 16:20:55,173 966831 INFO test_odoo_12 odoo.addons.test_testenv.tests.testenv: üíº res.partner.store_resource_data(z0bug.res_partner_2,name=res.partner,group=base) 
2023-06-23 16:20:55,173 966831 INFO test_odoo_12 odoo.addons.test_testenv.tests.test_testenv: Please, ignore field <...> does not exist in <...> 
2023-06-23 16:20:55,226 966831 INFO test_odoo_12 odoo.addons.test_testenv.tests.testenv:  üï∂Ô∏è field electronic_invoice_subjected does not exist in res.partner 
2023-06-23 16:20:55,226 966831 INFO test_odoo_12 odoo.addons.test_testenv.tests.testenv:  üï∂Ô∏è field codice_destinatario does not exist in res.partner 
2023-06-23 16:20:55,226 966831 INFO test_odoo_12 odoo.addons.test_testenv.tests.testenv: üíº res.partner.store_resource_data(z0bug.res_partner_1,name=res.partner,group=base) 
2023-06-23 16:20:55,338 966831 INFO test_odoo_12 odoo.addons.test_testenv.tests.testenv:  üï∂Ô∏è field electronic_invoice_subjected does not exist in res.partner 
2023-06-23 16:20:55,338 966831 INFO test_odoo_12 odoo.addons.test_testenv.tests.testenv:  üï∂Ô∏è field codice_destinatario does not exist in res.partner 
2023-06-23 16:20:55,338 966831 INFO test_odoo_12 odoo.addons.test_testenv.tests.testenv:  üï∂Ô∏è field goods_description_id does not exist in res.partner 
2023-06-23 16:20:55,338 966831 INFO test_odoo_12 odoo.addons.test_testenv.tests.testenv:  üï∂Ô∏è field carriage_condition_id does not exist in res.partner 
2023-06-23 16:20:55,338 966831 INFO test_odoo_12 odoo.addons.test_testenv.tests.testenv:  üï∂Ô∏è field transportation_method_id does not exist in res.partner 
2023-06-23 16:20:55,338 966831 INFO test_odoo_12 odoo.addons.test_testenv.tests.testenv: üíº res.partner.store_resource_data(z0bug.res_partner_2,name=res.partner,group=base) 
2023-06-23 16:20:55,338 966831 INFO test_odoo_12 odoo.addons.test_testenv.tests.test_testenv: Now, all warning & messages are valid! 
2023-06-23 16:20:55,482 966831 INFO test_odoo_12 odoo.addons.test_testenv.tests.testenv: üöß test_testenv.py(455)/_test_02()
['        self.resource_make("res.partner", "z0bug.res_partner_2")\n'] 
2023-06-23 16:20:55,483 966831 INFO test_odoo_12 odoo.addons.test_testenv.tests.testenv: üöß test_testenv.py(455)/_test_02()
['        self.resource_make("res.partner", "z0bug.res_partner_2")\n'] 
2023-06-23 16:20:55,484 966831 INFO test_odoo_12 odoo.addons.test_testenv.tests.testenv: üöß test_testenv.py(455)/_test_02()
['        self.resource_make("res.partner", "z0bug.res_partner_2")\n'] 
2023-06-23 16:20:55,488 966831 INFO test_odoo_12 odoo.addons.test_testenv.tests.testenv: üöß test_testenv.py(455)/_test_02()
['        self.resource_make("res.partner", "z0bug.res_partner_2")\n'] 
2023-06-23 16:20:55,489 966831 INFO test_odoo_12 odoo.addons.test_testenv.tests.testenv: üöß test_testenv.py(455)/_test_02()
['        self.resource_make("res.partner", "z0bug.res_partner_2")\n'] 
2023-06-23 16:20:55,491 966831 INFO test_odoo_12 odoo.addons.test_testenv.tests.testenv:  üåç childs_resource[account.fiscal.position] = account.fiscal.position.tax 
2023-06-23 16:20:55,491 966831 INFO test_odoo_12 odoo.addons.test_testenv.tests.testenv:  üåç childs_name[account.fiscal.position] = tax_ids 
2023-06-23 16:20:55,492 966831 INFO test_odoo_12 odoo.addons.test_testenv.tests.testenv:  üåç parent_resource[account.fiscal.position.tax] = account.fiscal.position 
2023-06-23 16:20:55,492 966831 INFO test_odoo_12 odoo.addons.test_testenv.tests.testenv:  üåç parent_name[account.fiscal.position.tax] = position_id 
2023-06-23 16:20:55,492 966831 INFO test_odoo_12 odoo.addons.test_testenv.tests.testenv:  üåç skeys[account.fiscal.position.tax] = ['tax_src_id'] 
2023-06-23 16:20:55,492 966831 INFO test_odoo_12 odoo.addons.test_testenv.tests.testenv:  üåç skeys[account.fiscal.position.tax] = ['tax_src_id', 'tax_dest_id'] 
2023-06-23 16:20:55,492 966831 INFO test_odoo_12 odoo.addons.test_testenv.tests.testenv:  üåç skeys[account.fiscal.position] = ['name'] 
2023-06-23 16:20:55,493 966831 INFO test_odoo_12 odoo.addons.test_testenv.tests.testenv: ‚ö† Invalid search keys for model account.fiscal.position 
2023-06-23 16:20:55,493 966831 INFO test_odoo_12 odoo.addons.test_testenv.tests.testenv: ‚ö† External reference z0bug.fiscalpos_it not found 
2023-06-23 16:20:55,495 966831 INFO test_odoo_12 odoo.addons.test_testenv.tests.testenv: üöß test_testenv.py(455)/_test_02()
['        self.resource_make("res.partner", "z0bug.res_partner_2")\n'] 
2023-06-23 16:20:55,497 966831 INFO test_odoo_12 odoo.addons.test_testenv.tests.testenv:  üåç childs_resource[account.payment.term] = account.payment.term.line 
2023-06-23 16:20:55,497 966831 INFO test_odoo_12 odoo.addons.test_testenv.tests.testenv:  üåç childs_name[account.payment.term] = line_ids 
2023-06-23 16:20:55,511 966831 INFO test_odoo_12 odoo.addons.test_testenv.tests.testenv:  üåç parent_resource[account.payment.term.line] = account.payment.term 
2023-06-23 16:20:55,511 966831 INFO test_odoo_12 odoo.addons.test_testenv.tests.testenv:  üåç parent_name[account.payment.term.line] = payment_id 
2023-06-23 16:20:55,511 966831 INFO test_odoo_12 odoo.addons.test_testenv.tests.testenv:  üåç skeys[account.payment.term.line] = ['sequence'] 
2023-06-23 16:20:55,511 966831 INFO test_odoo_12 odoo.addons.test_testenv.tests.testenv:  üåç skeys[account.payment.term] = ['name'] 
2023-06-23 16:20:55,511 966831 INFO test_odoo_12 odoo.addons.test_testenv.tests.testenv: ‚ö† Invalid search keys for model account.payment.term 
2023-06-23 16:20:55,511 966831 INFO test_odoo_12 odoo.addons.test_testenv.tests.testenv: ‚ö† External reference z0bug.payment_2 not found 
2023-06-23 16:20:55,512 966831 INFO test_odoo_12 odoo.addons.test_testenv.tests.testenv: ‚ö† Invalid value it_IT 
2023-06-23 16:20:55,646 966831 INFO test_odoo_12 odoo.addons.test_testenv.tests.testenv:  üåç skeys[mail.followers] = ['partner_id'] 
2023-06-23 16:20:55,646 966831 INFO test_odoo_12 odoo.addons.test_testenv.tests.testenv: üíº res.partner.store_resource_data(z0bug.res_partner_2,name=res.partner,group=base) 
2023-06-23 16:20:55,646 966831 INFO test_odoo_12 odoo.addons.test_testenv.tests.testenv: üèÜü•á 24 tests SUCCESSFULLY completed 
2023-06-23 16:20:55,649 966831 INFO test_odoo_12 odoo.addons.test_testenv.tests.test_testenv: ‚ú® Test data committed 
2023-06-23 16:20:55,649 966831 ERROR test_odoo_12 odoo.addons.test_testenv.tests.test_testenv: ERROR 
2023-06-23 16:20:55,650 966831 INFO test_odoo_12 odoo.addons.test_testenv.tests.test_testenv: ====================================================================== 
2023-06-23 16:20:55,650 966831 ERROR test_odoo_12 odoo.addons.test_testenv.tests.test_testenv: ERROR: test_mytest (odoo.addons.test_testenv.tests.test_testenv.MyTest) 
2023-06-23 16:20:55,650 966831 ERROR test_odoo_12 odoo.addons.test_testenv.tests.test_testenv: Traceback (most recent call last): 
2023-06-23 16:20:55,650 966831 ERROR test_odoo_12 odoo.addons.test_testenv.tests.test_testenv: `   File "/home/odoo/12.0/zerobug-test/test_testenv/tests/test_testenv.py", line 1219, in test_mytest 
2023-06-23 16:20:55,650 966831 ERROR test_odoo_12 odoo.addons.test_testenv.tests.test_testenv: `     self._test_02() 
2023-06-23 16:20:55,651 966831 ERROR test_odoo_12 odoo.addons.test_testenv.tests.test_testenv: `   File "/home/odoo/12.0/zerobug-test/test_testenv/tests/test_testenv.py", line 456, in _test_02 
2023-06-23 16:20:55,651 966831 ERROR test_odoo_12 odoo.addons.test_testenv.tests.test_testenv: `     self.assertEqual(self.resource_browse("z0bug.res_partner_2")["lang"], "en_US")
2023-06-23 16:20:55,651 966831 ERROR test_odoo_12 odoo.addons.test_testenv.tests.test_testenv: ` AttributeError: 'MyTest' object has no attribute 'resource_browse'
2023-06-23 16:20:55,651 966831 INFO test_odoo_12 odoo.addons.test_testenv.tests.test_testenv: Ran 1 test in 0.504s 
2023-06-23 16:20:55,651 966831 ERROR test_odoo_12 odoo.addons.test_testenv.tests.test_testenv: FAILED 
2023-06-23 16:20:55,651 966831 INFO test_odoo_12 odoo.addons.test_testenv.tests.test_testenv:  (errors=1) 
2023-06-23 16:20:55,651 966831 ERROR test_odoo_12 odoo.modules.module: Module test_testenv: 0 failures, 1 errors 
2023-06-23 16:20:55,681 966831 INFO test_odoo_12 odoo.modules.loading: 39 modules loaded in 2.80s, 114 queries 
2023-06-23 16:20:56,572 966831 ERROR test_odoo_12 odoo.modules.loading: At least one test failed when loading the modules. 
2023-06-23 16:20:56,578 966831 INFO test_odoo_12 odoo.service.server: Starting post tests 
2023-06-23 16:20:56,579 966831 INFO test_odoo_12 odoo.service.server: All post-tested in 0.00s, 0 queries 
2023-06-23 16:20:56,580 966831 INFO test_odoo_12 odoo.service.server: Initiating shutdown 
2023-06-23 16:20:56,580 966831 INFO test_odoo_12 odoo.service.server: Hit CTRL-C again or send a second signal to force the shutdown. 

+===================================================================
| please test [36mtest_testenv[0m (12.0): [31mFAILED![0m
+===================================================================

Name                                                      Stmts   Miss  Cover   Missing
---------------------------------------------------------------------------------------
zerobug-test/test_testenv/models/testenv_model.py            37      7    81%   22, 25, 28, 31, 34, 37, 40
zerobug-test/test_testenv/tests/test_testenv.py             307    232    24%   457-468, 475-503, 509-535, 540-599, 604-622, 627-713, 716-740, 751-792, 797-812, 819-836, 842-857, 866-909, 912-940, 943-949, 952-1049, 1060-1114, 1117-1168, 1171-1214, 1220-1236
zerobug-test/test_testenv/tests/testenv.py                 1174    676    42%   355-356, 359-360, 363-364, 367-368, 371-372, 375-376, 379-380, 383-384, 387-388, 391-392, 395-396, 403-404, 423-433, 436-450, 453-458, 469, 475, 481, 487-498, 503-512, 520, 539, 544, 574-591, 598, 605-612, 615-618, 621, 626, 644, 666-684, 687, 690-711, 731-733, 781, 789-795, 802-803, 806-807, 860-862, 871, 880-895, 899-905, 908-909, 918-923, 927-933, 936-937, 950, 961, 1005, 1009-1013, 1022-1025, 1050, 1052, 1060-1071, 1074-1075, 1086, 1101, 1115, 1123, 1140, 1142-1149, 1162, 1176-1181, 1184-1185, 1250-1266, 1270-1281, 1285-1292, 1300-1309, 1312-1323, 1327-1352, 1355-1360, 1364-1373, 1378-1437, 1440-1441, 1446-1457, 1460-1469, 1493-1581, 1620-1627, 1652-1677, 1690-1697, 1724-1726, 1734-1740, 1754-1761, 1767-1768, 1810-1811, 1820-1822, 1833, 1839, 1842, 1862-1876, 1888-1891, 1893, 1930, 1947-1952, 1993-1994, 1996-2010, 2062-2063, 2084-2097, 2154-2165, 2168-2186, 2221-2279, 2309-2326, 2389-2417, 2420-2433, 2483-2498, 2503-2504, 2579-2590, 2598-2621, 2631-2648, 2662-2739, 2742-2813, 2816-2852, 2878-2885
zerobug-test/test_testenv/wizard/wizard_example_menu.py      34     22    35%   32-36, 40-99, 114
---------------------------------------------------------------------------------------
TOTAL                                                      1552    937    40%
