2023-02-02 13:17:30,942 7195 INFO ? odoo: Odoo version 12.0 
2023-02-02 13:17:30,942 7195 INFO ? odoo: Using configuration file at /home/odoo/12.0/zerobug-test/test_testenv/tests/logs/zero12.zerobug-test.test_testenv.conf 
2023-02-02 13:17:30,942 7195 INFO ? odoo: addons paths: ['/home/odoo/.local/share/Odoo12/addons/12.0', '/home/odoo/12.0/odoo/addons', '/home/odoo/12.0/addons', '/home/odoo/.local/share/Odoo12/addons', '/home/odoo/12.0/account-analytic', '/home/odoo/12.0/account-budgeting', '/home/odoo/12.0/account-closing', '/home/odoo/12.0/account-consolidation', '/home/odoo/12.0/account-financial-reporting', '/home/odoo/12.0/account-financial-tools', '/home/odoo/12.0/account-fiscal-rule', '/home/odoo/12.0/account-invoice-reporting', '/home/odoo/12.0/account-invoicing', '/home/odoo/12.0/account-payment', '/home/odoo/12.0/account-reconcile', '/home/odoo/12.0/accounting', '/home/odoo/12.0/apps-store', '/home/odoo/12.0/bank-payment', '/home/odoo/12.0/bank-statement-import', '/home/odoo/12.0/brand', '/home/odoo/12.0/business-requirement', '/home/odoo/12.0/calendar', '/home/odoo/12.0/commission', '/home/odoo/12.0/community-data-files', '/home/odoo/12.0/connector', '/home/odoo/12.0/contract', '/home/odoo/12.0/credit-control', '/home/odoo/12.0/crm', '/home/odoo/12.0/currency', '/home/odoo/12.0/custom-addons', '/home/odoo/12.0/data-protection', '/home/odoo/12.0/ddmrp', '/home/odoo/12.0/delivery-carrier', '/home/odoo/12.0/dms', '/home/odoo/12.0/double-trouble', '/home/odoo/12.0/e-commerce', '/home/odoo/12.0/edi', '/home/odoo/12.0/geospatial', '/home/odoo/12.0/helpdesk', '/home/odoo/12.0/hr', '/home/odoo/12.0/intrastat-extrastat', '/home/odoo/12.0/iot', '/home/odoo/12.0/knowledge', '/home/odoo/12.0/l10n-italy', '/home/odoo/12.0/l10n-italy-supplemental', '/home/odoo/12.0/maintenance', '/home/odoo/12.0/management-system', '/home/odoo/12.0/manufacture', '/home/odoo/12.0/manufacture-reporting', '/home/odoo/12.0/margin-analysis', '/home/odoo/12.0/mgmtsystem', '/home/odoo/12.0/mis-builder', '/home/odoo/12.0/mis-builder-contrib', '/home/odoo/12.0/multi-company', '/home/odoo/12.0/partner-contact', '/home/odoo/12.0/pos', '/home/odoo/12.0/product-attribute', '/home/odoo/12.0/product-kitting', '/home/odoo/12.0/product-pack', '/home/odoo/12.0/product-variant', '/home/odoo/12.0/profiles', '/home/odoo/12.0/project', '/home/odoo/12.0/project-agile', '/home/odoo/12.0/project-reporting', '/home/odoo/12.0/purchase-reporting', '/home/odoo/12.0/purchase-workflow', '/home/odoo/12.0/queue', '/home/odoo/12.0/report-print-send', '/home/odoo/12.0/reporting-engine', '/home/odoo/12.0/rma', '/home/odoo/12.0/sale-financial', '/home/odoo/12.0/sale-reporting', '/home/odoo/12.0/sale-workflow/sale-workflow', '/home/odoo/12.0/search-engine', '/home/odoo/12.0/server-auth', '/home/odoo/12.0/server-backend', '/home/odoo/12.0/server-brand', '/home/odoo/12.0/server-env', '/home/odoo/12.0/server-tools', '/home/odoo/12.0/server-ux', '/home/odoo/12.0/social', '/home/odoo/12.0/stock-logistics-barcode', '/home/odoo/12.0/stock-logistics-reporting', '/home/odoo/12.0/stock-logistics-tracking', '/home/odoo/12.0/stock-logistics-transport', '/home/odoo/12.0/stock-logistics-warehouse', '/home/odoo/12.0/stock-logistics-workflow', '/home/odoo/12.0/storage', '/home/odoo/12.0/timesheet', '/home/odoo/12.0/uncovered', '/home/odoo/12.0/web', '/home/odoo/12.0/webhook', '/home/odoo/12.0/webkit-tools', '/home/odoo/12.0/website', '/home/odoo/12.0/website-cms', '/home/odoo/12.0/wms', '/home/odoo/12.0/zerobug-test', '/home/odoo/12.0/venv_odoo/lib/python3.7/site-packages/odoo/addons'] 
2023-02-02 13:17:30,942 7195 INFO ? odoo: database: odoo12@localhost:default 
2023-02-02 13:17:30,979 7195 INFO ? odoo.addons.server_environment.serv_config: not using server_environment_files for configuration, no directory found 
2023-02-02 13:17:30,979 7195 INFO ? odoo.addons.server_environment.serv_config: `running_env` not found. Using default = `test`. 
2023-02-02 13:17:30,980 7195 INFO ? odoo.addons.server_environment.serv_config: We strongly recommend against using the rc file but instead use an explicit config file or env variable. 
2023-02-02 13:17:31,117 7195 INFO ? odoo.addons.base.models.ir_actions_report: Will use the Wkhtmltopdf binary at /home/odoo/12.0/venv_odoo/bin/wkhtmltopdf 
2023-02-02 13:17:31,245 7195 INFO ? odoo.service.server: HTTP service (werkzeug) running on nb200z0.:42755 
2023-02-02 13:17:31,259 7195 INFO test_test_testenv_12 odoo.modules.loading: loading 1 modules... 
2023-02-02 13:17:31,266 7195 INFO test_test_testenv_12 odoo.modules.loading: 1 modules loaded in 0.01s, 0 queries 
2023-02-02 13:17:31,396 7195 INFO test_test_testenv_12 odoo.modules.loading: updating modules list 
2023-02-02 13:17:31,398 7195 INFO test_test_testenv_12 odoo.addons.base.models.ir_module: ALLOW access to module.update_list on [] to user __system__ #1 via n/a 
2023-02-02 13:17:43,441 7195 INFO test_test_testenv_12 odoo.addons.base.models.ir_module: ALLOW access to module.button_install on ['test_testenv'] to user __system__ #1 via n/a 
2023-02-02 13:17:43,745 7195 INFO test_test_testenv_12 odoo.modules.loading: loading 31 modules... 
2023-02-02 13:17:44,001 7195 INFO test_test_testenv_12 odoo.modules.loading: 31 modules loaded in 0.26s, 0 queries 
2023-02-02 13:17:44,009 7195 INFO test_test_testenv_12 odoo.modules.loading: loading 32 modules... 
2023-02-02 13:17:44,484 7195 WARNING test_test_testenv_12 odoo.models: The model testenv.all.fields has no _description 
2023-02-02 13:17:44,651 7195 INFO test_test_testenv_12 odoo.modules.registry: module test_testenv: creating or updating database tables 
2023-02-02 13:17:44,822 7195 WARNING test_test_testenv_12 odoo.addons.base.models.ir_model: Two fields (measure, amount) of testenv.all.fields() have the same label: Amount. 
2023-02-02 13:17:44,915 7195 INFO test_test_testenv_12 odoo.modules.loading: loading test_testenv/security/ir.model.access.csv 
2023-02-02 13:17:44,962 7195 INFO test_test_testenv_12 odoo.modules.loading: loading test_testenv/views/testenv_model_view.xml 
2023-02-02 13:17:45,046 7195 INFO test_test_testenv_12 odoo.modules.loading: loading test_testenv/wizard/wizard_example_menu.xml 
2023-02-02 13:17:45,123 7195 INFO test_test_testenv_12 odoo.modules.loading: Module test_testenv: loading demo 
2023-02-02 13:17:45,614 7195 INFO test_test_testenv_12 odoo.modules.module: odoo.addons.test_testenv.tests.test_testenv running tests. 
2023-02-02 13:17:45,615 7195 INFO test_test_testenv_12 odoo.addons.test_testenv.tests.test_testenv: test_mytest (odoo.addons.test_testenv.tests.test_testenv.MyTest) 
2023-02-02 13:17:45,624 7195 INFO test_test_testenv_12 odoo.addons.test_testenv.tests.testenv: üêû  skeys[res.partner] = ['name'] 
2023-02-02 13:17:45,624 7195 INFO test_test_testenv_12 odoo.addons.test_testenv.tests.testenv: üêûfield not_exist_field does not exist in res.partner 
2023-02-02 13:17:45,624 7195 INFO test_test_testenv_12 odoo.addons.test_testenv.tests.testenv: üêûres.partner.store_resource_data(z0bug.res_partner_1,name=res.partner,group=base) 
2023-02-02 13:17:45,634 7195 INFO test_test_testenv_12 odoo.addons.test_testenv.tests.testenv: üêûres.partner.store_resource_data(z0bug.res_partner_2,name=res.partner,group=base) 
2023-02-02 13:17:45,634 7195 INFO test_test_testenv_12 odoo.addons.test_testenv.tests.test_testenv: Please, ignore field <...> does not exist in <...> 
2023-02-02 13:17:45,681 7195 INFO test_test_testenv_12 odoo.addons.test_testenv.tests.testenv: üêûfield electronic_invoice_subjected does not exist in res.partner 
2023-02-02 13:17:45,681 7195 INFO test_test_testenv_12 odoo.addons.test_testenv.tests.testenv: üêûfield codice_destinatario does not exist in res.partner 
2023-02-02 13:17:45,681 7195 INFO test_test_testenv_12 odoo.addons.test_testenv.tests.testenv: üêûres.partner.store_resource_data(z0bug.res_partner_1,name=res.partner,group=base) 
2023-02-02 13:17:45,727 7195 INFO test_test_testenv_12 odoo.addons.test_testenv.tests.testenv: üêûfield electronic_invoice_subjected does not exist in res.partner 
2023-02-02 13:17:45,727 7195 INFO test_test_testenv_12 odoo.addons.test_testenv.tests.testenv: üêûfield codice_destinatario does not exist in res.partner 
2023-02-02 13:17:45,727 7195 INFO test_test_testenv_12 odoo.addons.test_testenv.tests.testenv: üêûfield goods_description_id does not exist in res.partner 
2023-02-02 13:17:45,727 7195 INFO test_test_testenv_12 odoo.addons.test_testenv.tests.testenv: üêûfield carriage_condition_id does not exist in res.partner 
2023-02-02 13:17:45,727 7195 INFO test_test_testenv_12 odoo.addons.test_testenv.tests.testenv: üêûfield transportation_method_id does not exist in res.partner 
2023-02-02 13:17:45,727 7195 INFO test_test_testenv_12 odoo.addons.test_testenv.tests.testenv: üêûres.partner.store_resource_data(z0bug.res_partner_2,name=res.partner,group=base) 
2023-02-02 13:17:45,727 7195 INFO test_test_testenv_12 odoo.addons.test_testenv.tests.test_testenv: Now, all warning & messages are valid! 
2023-02-02 13:17:45,730 7195 INFO test_test_testenv_12 odoo.addons.test_testenv.tests.testenv: üêû  skeys[account.fiscal.position] = ['name'] 
2023-02-02 13:17:45,733 7195 INFO test_test_testenv_12 odoo.addons.test_testenv.tests.testenv: ‚ö† External reference z0bug.fiscalpos_it not found 
2023-02-02 13:17:45,734 7195 INFO test_test_testenv_12 odoo.addons.test_testenv.tests.testenv: üêûchilds_resource[account.payment.term] = account.payment.term.line 
2023-02-02 13:17:45,735 7195 INFO test_test_testenv_12 odoo.addons.test_testenv.tests.testenv: üêûchilds_name[account.payment.term] = line_ids 
2023-02-02 13:17:45,741 7195 INFO test_test_testenv_12 odoo.addons.test_testenv.tests.testenv: üêû  parent_resource[account.payment.term.line] = account.payment.term 
2023-02-02 13:17:45,741 7195 INFO test_test_testenv_12 odoo.addons.test_testenv.tests.testenv: üêû  parent_name[account.payment.term.line] = payment_id 
2023-02-02 13:17:45,741 7195 INFO test_test_testenv_12 odoo.addons.test_testenv.tests.testenv: üêû  skeys[account.payment.term.line] = ['sequence'] 
2023-02-02 13:17:45,741 7195 INFO test_test_testenv_12 odoo.addons.test_testenv.tests.testenv: üêû  skeys[account.payment.term] = ['name'] 
2023-02-02 13:17:45,745 7195 INFO test_test_testenv_12 odoo.addons.test_testenv.tests.testenv: ‚ö† External reference z0bug.payment_2 not found 
2023-02-02 13:17:45,746 7195 INFO test_test_testenv_12 odoo.addons.test_testenv.tests.testenv: ‚ö† Invalid value it_IT 
2023-02-02 13:17:45,825 7195 INFO test_test_testenv_12 odoo.addons.test_testenv.tests.testenv: üêûres.partner.store_resource_data(z0bug.res_partner_2,name=res.partner,group=base) 
2023-02-02 13:17:45,827 7195 INFO test_test_testenv_12 odoo.addons.test_testenv.tests.testenv: üêû  parent_resource[res.currency.rate] = res.currency 
2023-02-02 13:17:45,827 7195 INFO test_test_testenv_12 odoo.addons.test_testenv.tests.testenv: üêû  parent_name[res.currency.rate] = currency_id 
2023-02-02 13:17:45,828 7195 INFO test_test_testenv_12 odoo.addons.test_testenv.tests.testenv: üêûchilds_resource[res.currency] = res.currency.rate 
2023-02-02 13:17:45,828 7195 INFO test_test_testenv_12 odoo.addons.test_testenv.tests.testenv: üêûchilds_name[res.currency] = rate_ids 
2023-02-02 13:17:45,828 7195 INFO test_test_testenv_12 odoo.addons.test_testenv.tests.testenv: üêû  skeys[res.currency] = ['name'] 
2023-02-02 13:17:45,828 7195 INFO test_test_testenv_12 odoo.addons.test_testenv.tests.testenv: üêû  skeys[res.currency.rate] = ['name'] 
2023-02-02 13:17:45,831 7195 INFO test_test_testenv_12 odoo.addons.test_testenv.tests.testenv: üêûres.currency.rate.store_resource_data(base.EUR_2023-12-30,name=res.currency.rate,group=base) 
2023-02-02 13:17:45,832 7195 INFO test_test_testenv_12 odoo.addons.test_testenv.tests.testenv: üêûres.currency.rate.store_resource_data(base.EUR_2023-12-31,name=res.currency.rate,group=base) 
2023-02-02 13:17:45,857 7195 INFO test_test_testenv_12 odoo.addons.test_testenv.tests.testenv: üêûdeclare_all_data(res.partner,group=base) 
2023-02-02 13:17:45,859 7195 INFO test_test_testenv_12 odoo.addons.test_testenv.tests.testenv: üêûres.partner.store_resource_data(z0bug.partner_mycompany,name=res.partner,group=base) 
2023-02-02 13:17:45,862 7195 INFO test_test_testenv_12 odoo.addons.test_testenv.tests.testenv: üêûres.partner.store_resource_data(z0bug.res_partner_1,name=res.partner,group=base) 
2023-02-02 13:17:45,862 7195 INFO test_test_testenv_12 odoo.addons.test_testenv.tests.testenv: üêûres.partner.store_resource_data(z0bug.res_partner_2,name=res.partner,group=base) 
2023-02-02 13:17:45,862 7195 INFO test_test_testenv_12 odoo.addons.test_testenv.tests.testenv: üêûdeclare_all_data(res.partner.bank,group=base) 
2023-02-02 13:17:45,864 7195 INFO test_test_testenv_12 odoo.addons.test_testenv.tests.testenv: üêû  parent_resource[res.partner.bank] = res.partner 
2023-02-02 13:17:45,864 7195 INFO test_test_testenv_12 odoo.addons.test_testenv.tests.testenv: üêû  parent_name[res.partner.bank] = partner_id 
2023-02-02 13:17:45,864 7195 INFO test_test_testenv_12 odoo.addons.test_testenv.tests.testenv: üêû  skeys[res.partner.bank] = ['acc_number'] 
2023-02-02 13:17:45,866 7195 INFO test_test_testenv_12 odoo.addons.test_testenv.tests.testenv: üêûres.partner.bank.store_resource_data(z0bug.bank_company_1,name=res.partner.bank,group=base) 
2023-02-02 13:17:45,867 7195 INFO test_test_testenv_12 odoo.addons.test_testenv.tests.testenv: üêûres.partner.bank.store_resource_data(z0bug.bank_partner_1,name=res.partner.bank,group=base) 
2023-02-02 13:17:45,868 7195 INFO test_test_testenv_12 odoo.addons.test_testenv.tests.testenv: üêûres.partner.bank.store_resource_data(z0bug.bank_partner_2,name=res.partner.bank,group=base) 
2023-02-02 13:17:45,868 7195 INFO test_test_testenv_12 odoo.addons.test_testenv.tests.testenv: üêûdeclare_all_data(product.template,group=base) 
2023-02-02 13:17:45,872 7195 INFO test_test_testenv_12 odoo.addons.test_testenv.tests.testenv: üêûchilds_resource[product.template] = product.product 
2023-02-02 13:17:45,872 7195 INFO test_test_testenv_12 odoo.addons.test_testenv.tests.testenv: üêûchilds_name[product.template] = valid_archived_variant_ids 
2023-02-02 13:17:45,872 7195 INFO test_test_testenv_12 odoo.addons.test_testenv.tests.testenv: üêûchilds_resource[product.template] = product.product 
2023-02-02 13:17:45,872 7195 INFO test_test_testenv_12 odoo.addons.test_testenv.tests.testenv: üêûchilds_name[product.template] = product_variant_ids 
2023-02-02 13:17:45,872 7195 INFO test_test_testenv_12 odoo.addons.test_testenv.tests.testenv: üêûchilds_resource[product.template] = product.product 
2023-02-02 13:17:45,872 7195 INFO test_test_testenv_12 odoo.addons.test_testenv.tests.testenv: üêûchilds_name[product.template] = product_variant_id 
2023-02-02 13:17:45,875 7195 INFO test_test_testenv_12 odoo.addons.test_testenv.tests.testenv: üêû  parent_resource[product.product] = product.template 
2023-02-02 13:17:45,875 7195 INFO test_test_testenv_12 odoo.addons.test_testenv.tests.testenv: üêû  parent_name[product.product] = product_tmpl_id 
2023-02-02 13:17:45,875 7195 INFO test_test_testenv_12 odoo.addons.test_testenv.tests.testenv: üêû  skeys[product.product] = ['default_code'] 
2023-02-02 13:17:45,875 7195 INFO test_test_testenv_12 odoo.addons.test_testenv.tests.testenv: üêû  skeys[product.template] = ['default_code'] 
2023-02-02 13:17:45,881 7195 INFO test_test_testenv_12 odoo.addons.test_testenv.tests.testenv: üêûproduct.template.store_resource_data(z0bug.product_template_1,name=product.template,group=base) 
2023-02-02 13:17:45,883 7195 INFO test_test_testenv_12 odoo.addons.test_testenv.tests.testenv: üêûproduct.template.store_resource_data(z0bug.product_template_18,name=product.template,group=base) 
2023-02-02 13:17:45,887 7195 INFO test_test_testenv_12 odoo.addons.test_testenv.tests.testenv: üêûproduct.template.store_resource_data(z0bug.product_template_23,name=product.template,group=base) 
2023-02-02 13:17:45,893 7195 INFO test_test_testenv_12 odoo.addons.test_testenv.tests.testenv: üêû  skeys[res.company] = ['partner_id'] 
2023-02-02 13:17:45,987 7195 INFO test_test_testenv_12 odoo.addons.test_testenv.tests.testenv: ‚ö† xref 'z0bug.mycompany' -> 'base.main_company' 
2023-02-02 13:17:45,988 7195 INFO test_test_testenv_12 odoo.addons.test_testenv.tests.testenv: ‚ö† xref 'z0bug.partner_mycompany' -> 'base.main_partner' 
2023-02-02 13:17:45,992 7195 INFO test_test_testenv_12 odoo.addons.test_testenv.tests.testenv: üé∫ Starting test v2.0.5.1 (debug_level=2) 
2023-02-02 13:17:46,000 7195 INFO test_test_testenv_12 odoo.addons.test_testenv.tests.testenv: üé∫ Testing module: test_testenv (12.0.2.0.5) 
2023-02-02 13:17:46,001 7195 INFO test_test_testenv_12 odoo.addons.test_testenv.tests.testenv: ‚ö† product.product[type]: 'product' -> 'consu' 
2023-02-02 13:17:46,002 7195 INFO test_test_testenv_12 odoo.addons.test_testenv.tests.testenv: ‚ö† product.template[type]: 'product' -> 'consu' 
2023-02-02 13:17:46,002 7195 INFO test_test_testenv_12 odoo.addons.test_testenv.tests.testenv: ‚ö† account.payment.term.line._cvt_account_payment_term_line(all) 
2023-02-02 13:17:46,076 7195 INFO test_test_testenv_12 odoo.addons.test_testenv.tests.testenv: üêûres.partner.store_resource_data(z0bug.res_partner_1,name=res.partner,group=base) 
2023-02-02 13:17:46,200 7195 INFO test_test_testenv_12 odoo.addons.test_testenv.tests.testenv: üêûres.partner.bank.store_resource_data(z0bug.bank_company_1,name=res.partner.bank,group=base) 
2023-02-02 13:17:46,211 7195 INFO test_test_testenv_12 odoo.addons.test_testenv.tests.testenv: üêûres.partner.bank.store_resource_data(z0bug.bank_partner_1,name=res.partner.bank,group=base) 
2023-02-02 13:17:46,218 7195 INFO test_test_testenv_12 odoo.addons.test_testenv.tests.testenv: üêûres.partner.bank.store_resource_data(z0bug.bank_partner_2,name=res.partner.bank,group=base) 
2023-02-02 13:17:46,222 7195 INFO test_test_testenv_12 odoo.addons.test_testenv.tests.testenv: üêû  skeys[uom.uom] = ['name'] 
2023-02-02 13:17:46,225 7195 INFO test_test_testenv_12 odoo.addons.test_testenv.tests.testenv: ‚ö† External reference product.product_uom_unit not found 
2023-02-02 13:17:46,228 7195 INFO test_test_testenv_12 odoo.addons.test_testenv.tests.testenv: ‚ö† External reference product.product_uom_unit not found 
2023-02-02 13:17:46,230 7195 INFO test_test_testenv_12 odoo.addons.test_testenv.tests.testenv: üêû  skeys[account.account] = ['code'] 
2023-02-02 13:17:46,231 7195 INFO test_test_testenv_12 odoo.addons.test_testenv.tests.testenv: ‚ö† External reference z0bug.coa_sale not found 
2023-02-02 13:17:46,347 7195 INFO test_test_testenv_12 odoo.addons.test_testenv.tests.testenv: üêûproduct.template.store_resource_data(z0bug.product_template_1,name=product.template,group=base) 
2023-02-02 13:17:46,347 7195 INFO test_test_testenv_12 odoo.addons.test_testenv.tests.testenv: xref ('product.template') 'z0bug.product_template_1' -> ('product.product') 'z0bug.product_product_1' 
2023-02-02 13:17:46,350 7195 INFO test_test_testenv_12 odoo.addons.test_testenv.tests.testenv: üêûproduct.product.store_resource_data(z0bug.product_product_1,name=product.product,group=base) 
2023-02-02 13:17:46,354 7195 INFO test_test_testenv_12 odoo.addons.test_testenv.tests.testenv: ‚ö† External reference product.product_uom_unit not found 
2023-02-02 13:17:46,357 7195 INFO test_test_testenv_12 odoo.addons.test_testenv.tests.testenv: ‚ö† External reference product.product_uom_unit not found 
2023-02-02 13:17:46,359 7195 INFO test_test_testenv_12 odoo.addons.test_testenv.tests.testenv: ‚ö† External reference z0bug.coa_sale not found 
2023-02-02 13:17:46,466 7195 INFO test_test_testenv_12 odoo.addons.test_testenv.tests.testenv: üêûproduct.template.store_resource_data(z0bug.product_template_18,name=product.template,group=base) 
2023-02-02 13:17:46,466 7195 INFO test_test_testenv_12 odoo.addons.test_testenv.tests.testenv: xref ('product.template') 'z0bug.product_template_18' -> ('product.product') 'z0bug.product_product_18' 
2023-02-02 13:17:46,469 7195 INFO test_test_testenv_12 odoo.addons.test_testenv.tests.testenv: üêûproduct.product.store_resource_data(z0bug.product_product_18,name=product.product,group=base) 
2023-02-02 13:17:46,473 7195 INFO test_test_testenv_12 odoo.addons.test_testenv.tests.testenv: ‚ö† External reference product.product_uom_unit not found 
2023-02-02 13:17:46,475 7195 INFO test_test_testenv_12 odoo.addons.test_testenv.tests.testenv: ‚ö† External reference product.product_uom_unit not found 
2023-02-02 13:17:46,478 7195 INFO test_test_testenv_12 odoo.addons.test_testenv.tests.testenv: ‚ö† External reference z0bug.coa_sale2 not found 
2023-02-02 13:17:46,601 7195 INFO test_test_testenv_12 odoo.addons.test_testenv.tests.testenv: üêûproduct.template.store_resource_data(z0bug.product_template_23,name=product.template,group=base) 
2023-02-02 13:17:46,602 7195 INFO test_test_testenv_12 odoo.addons.test_testenv.tests.testenv: xref ('product.template') 'z0bug.product_template_23' -> ('product.product') 'z0bug.product_product_23' 
2023-02-02 13:17:46,604 7195 INFO test_test_testenv_12 odoo.addons.test_testenv.tests.testenv: üêûproduct.product.store_resource_data(z0bug.product_product_23,name=product.product,group=base) 
2023-02-02 13:17:46,800 7195 INFO test_test_testenv_12 odoo.addons.test_testenv.tests.testenv: üêûdeclare_all_data(account.payment.term,group=payment_term) 
2023-02-02 13:17:46,800 7195 INFO test_test_testenv_12 odoo.addons.test_testenv.tests.testenv: üêûaccount.payment.term.store_resource_data(z0bug.payment_term_1,name=account.payment.term,group=payment_term) 
2023-02-02 13:17:46,800 7195 INFO test_test_testenv_12 odoo.addons.test_testenv.tests.testenv: üêûaccount.payment.term.store_resource_data(z0bug.payment_term_2,name=account.payment.term,group=payment_term) 
2023-02-02 13:17:46,800 7195 INFO test_test_testenv_12 odoo.addons.test_testenv.tests.testenv: üêûdeclare_all_data(account.payment.term.line,group=payment_term) 
2023-02-02 13:17:46,801 7195 INFO test_test_testenv_12 odoo.addons.test_testenv.tests.testenv: üêûaccount.payment.term.line.store_resource_data(z0bug.payment_term_1_1,name=account.payment.term.line,group=payment_term) 
2023-02-02 13:17:46,802 7195 INFO test_test_testenv_12 odoo.addons.test_testenv.tests.testenv: üêûaccount.payment.term.line.store_resource_data(z0bug.payment_term_2_1,name=account.payment.term.line,group=payment_term) 
2023-02-02 13:17:46,803 7195 INFO test_test_testenv_12 odoo.addons.test_testenv.tests.testenv: üêûfield months does not exist in account.payment.term.line 
2023-02-02 13:17:46,803 7195 INFO test_test_testenv_12 odoo.addons.test_testenv.tests.testenv: üêûaccount.payment.term.line.store_resource_data(z0bug.payment_term_2_2,name=account.payment.term.line,group=payment_term) 
2023-02-02 13:17:46,803 7195 INFO test_test_testenv_12 odoo.addons.test_testenv.tests.testenv: üé∫ Starting test v2.0.5.1 (debug_level=2) 
2023-02-02 13:17:46,810 7195 INFO test_test_testenv_12 odoo.addons.test_testenv.tests.testenv: üé∫ Testing module: test_testenv (12.0.2.0.5) 
2023-02-02 13:17:46,812 7195 INFO test_test_testenv_12 odoo.addons.test_testenv.tests.testenv: ‚ö† product.product[type]: 'product' -> 'consu' 
2023-02-02 13:17:46,812 7195 INFO test_test_testenv_12 odoo.addons.test_testenv.tests.testenv: ‚ö† product.template[type]: 'product' -> 'consu' 
2023-02-02 13:17:46,813 7195 INFO test_test_testenv_12 odoo.addons.test_testenv.tests.testenv: ‚ö† account.payment.term.line._cvt_account_payment_term_line(all) 
2023-02-02 13:17:46,820 7195 INFO test_test_testenv_12 odoo.addons.test_testenv.tests.testenv: ‚ö† External reference z0bug.payment_term_1 not found 
2023-02-02 13:17:46,835 7195 INFO test_test_testenv_12 odoo.addons.test_testenv.tests.testenv: üêûaccount.payment.term.store_resource_data(z0bug.payment_term_1,name=account.payment.term,group=payment_term) 
2023-02-02 13:17:46,846 7195 INFO test_test_testenv_12 odoo.addons.test_testenv.tests.testenv: ‚ö† External reference z0bug.payment_term_2 not found 
2023-02-02 13:17:46,848 7195 INFO test_test_testenv_12 odoo.addons.test_testenv.tests.testenv: ‚ö† External reference z0bug.payment_term_2 not found 
2023-02-02 13:17:46,857 7195 INFO test_test_testenv_12 odoo.addons.test_testenv.tests.testenv: üêûaccount.payment.term.store_resource_data(z0bug.payment_term_2,name=account.payment.term,group=payment_term) 
2023-02-02 13:17:46,897 7195 INFO test_test_testenv_12 odoo.addons.test_testenv.tests.testenv: üêûchilds_resource[res.country] = res.country.state 
2023-02-02 13:17:46,897 7195 INFO test_test_testenv_12 odoo.addons.test_testenv.tests.testenv: üêûchilds_name[res.country] = state_ids 
2023-02-02 13:17:46,897 7195 INFO test_test_testenv_12 odoo.addons.test_testenv.tests.testenv: üêû  parent_resource[res.country.state] = res.country 
2023-02-02 13:17:46,898 7195 INFO test_test_testenv_12 odoo.addons.test_testenv.tests.testenv: üêû  parent_name[res.country.state] = country_id 
2023-02-02 13:17:46,898 7195 INFO test_test_testenv_12 odoo.addons.test_testenv.tests.testenv: üêû  skeys[res.country.state] = ['code'] 
2023-02-02 13:17:46,898 7195 INFO test_test_testenv_12 odoo.addons.test_testenv.tests.testenv: üêû  skeys[res.country] = ['code'] 
2023-02-02 13:17:46,899 7195 INFO test_test_testenv_12 odoo.addons.test_testenv.tests.testenv: ‚ö† External reference external.109 not found 
2023-02-02 13:17:46,899 7195 INFO test_test_testenv_12 odoo.addons.test_testenv.tests.testenv: üêûres.partner.cast_type() = {} 
2023-02-02 13:17:46,900 7195 INFO test_test_testenv_12 odoo.addons.test_testenv.tests.test_testenv: üé∫ Testing test_currency_2many() 
2023-02-02 13:17:46,976 7195 INFO test_test_testenv_12 odoo.addons.test_testenv.tests.testenv: üêûtestenv.all.fields.resource_edit(['create']) 
2023-02-02 13:17:46,979 7195 INFO test_test_testenv_12 odoo.addons.test_testenv.tests.testenv: üêû  skeys[testenv.all.fields] = ['name'] 
2023-02-02 13:17:46,997 7195 INFO test_test_testenv_12 odoo.models.unlink: User #1 deleted testenv.all.fields records with IDs: [] 
2023-02-02 13:17:47,023 7195 INFO test_test_testenv_12 odoo.addons.test_testenv.tests.testenv: üêûtestenv.all.fields(1,).resource_edit(['save']) 
2023-02-02 13:17:47,046 7195 INFO test_test_testenv_12 odoo.addons.test_testenv.tests.testenv: üêûvalidate_records(template(1), [testenv.all.fields(1,)]) 
2023-02-02 13:17:47,048 7195 INFO test_test_testenv_12 odoo.addons.test_testenv.tests.testenv: üêû ... assertEqual(template(1).date:'2022-06-22', rec(1):'2022-06-22') 
2023-02-02 13:17:47,048 7195 INFO test_test_testenv_12 odoo.addons.test_testenv.tests.testenv: üêû ... assertEqual(template(1).updated_dt:'2023-02-02 13:17:46.976236', rec(1):'2023-02-02 13:17:46') 
2023-02-02 13:17:47,048 7195 INFO test_test_testenv_12 odoo.addons.test_testenv.tests.testenv: üêû2 assertion validated for validate_records(template(1), [testenv.all.fields(1,)]) 
2023-02-02 13:17:47,048 7195 INFO test_test_testenv_12 odoo.addons.test_testenv.tests.test_testenv: üé∫ Testing test_product() 
2023-02-02 13:17:47,305 7195 INFO test_test_testenv_12 odoo.addons.test_testenv.tests.test_testenv: üé∫ Testing wizard.lang_install() 
2023-02-02 13:17:47,328 7195 INFO test_test_testenv_12 odoo.addons.test_testenv.tests.testenv: üêûwizard starting(Load a Translation) 
2023-02-02 13:17:47,332 7195 INFO test_test_testenv_12 odoo.addons.test_testenv.tests.testenv: üêû  base.language.install.lang_install() 
2023-02-02 13:17:47,377 7195 INFO test_test_testenv_12 odoo.addons.base.models.ir_translation: module base: loading translation file (it) for language it_IT 
2023-02-02 13:17:47,377 7195 INFO test_test_testenv_12 odoo.tools.translate: loading /home/odoo/12.0/odoo/addons/base/i18n/it.po 
2023-02-02 13:17:49,468 7195 INFO test_test_testenv_12 odoo.addons.base.models.ir_translation: module web: loading translation file (it) for language it_IT 
2023-02-02 13:17:49,468 7195 INFO test_test_testenv_12 odoo.tools.translate: loading /home/odoo/12.0/addons/web/i18n/it.po 
2023-02-02 13:17:49,569 7195 INFO test_test_testenv_12 odoo.addons.base.models.ir_translation: module base_setup: loading translation file (it) for language it_IT 
2023-02-02 13:17:49,569 7195 INFO test_test_testenv_12 odoo.tools.translate: loading /home/odoo/12.0/addons/base_setup/i18n/it.po 
2023-02-02 13:17:49,588 7195 INFO test_test_testenv_12 odoo.addons.base.models.ir_translation: module decimal_precision: loading translation file (it) for language it_IT 
2023-02-02 13:17:49,588 7195 INFO test_test_testenv_12 odoo.tools.translate: loading /home/odoo/12.0/addons/decimal_precision/i18n/it.po 
2023-02-02 13:17:49,591 7195 INFO test_test_testenv_12 odoo.tools.translate: Translation 'Warning!' (code, addons/decimal_precision/models/decimal_precision.py, 24) not found in reference pot, skipping 
2023-02-02 13:17:49,602 7195 INFO test_test_testenv_12 odoo.addons.base.models.ir_translation: module bus: loading translation file (it) for language it_IT 
2023-02-02 13:17:49,603 7195 INFO test_test_testenv_12 odoo.tools.translate: loading /home/odoo/12.0/addons/bus/i18n/it.po 
2023-02-02 13:17:49,617 7195 INFO test_test_testenv_12 odoo.addons.base.models.ir_translation: module web_tour: loading translation file (it) for language it_IT 
2023-02-02 13:17:49,617 7195 INFO test_test_testenv_12 odoo.tools.translate: loading /home/odoo/12.0/addons/web_tour/i18n/it.po 
2023-02-02 13:17:49,631 7195 INFO test_test_testenv_12 odoo.addons.base.models.ir_translation: module mail: loading translation file (it) for language it_IT 
2023-02-02 13:17:49,632 7195 INFO test_test_testenv_12 odoo.tools.translate: loading /home/odoo/12.0/addons/mail/i18n/it.po 
2023-02-02 13:17:49,917 7195 INFO test_test_testenv_12 odoo.addons.base.models.ir_translation: module uom: loading translation file (it) for language it_IT 
2023-02-02 13:17:49,917 7195 INFO test_test_testenv_12 odoo.tools.translate: loading /home/odoo/12.0/addons/uom/i18n/it.po 
2023-02-02 13:17:49,937 7195 INFO test_test_testenv_12 odoo.addons.base.models.ir_translation: module product: loading translation file (it) for language it_IT 
2023-02-02 13:17:49,937 7195 INFO test_test_testenv_12 odoo.tools.translate: loading /home/odoo/12.0/addons/product/i18n/it.po 
2023-02-02 13:17:50,059 7195 INFO test_test_testenv_12 odoo.addons.base.models.ir_translation: module analytic: loading translation file (it) for language it_IT 
2023-02-02 13:17:50,059 7195 INFO test_test_testenv_12 odoo.tools.translate: loading /home/odoo/12.0/addons/analytic/i18n/it.po 
2023-02-02 13:17:50,085 7195 INFO test_test_testenv_12 odoo.addons.base.models.ir_translation: module http_routing: loading translation file (it) for language it_IT 
2023-02-02 13:17:50,085 7195 INFO test_test_testenv_12 odoo.tools.translate: loading /home/odoo/12.0/addons/http_routing/i18n/it.po 
2023-02-02 13:17:50,096 7195 INFO test_test_testenv_12 odoo.addons.base.models.ir_translation: module auth_signup: loading translation file (it) for language it_IT 
2023-02-02 13:17:50,096 7195 INFO test_test_testenv_12 odoo.tools.translate: loading /home/odoo/12.0/addons/auth_signup/i18n/it.po 
2023-02-02 13:17:50,117 7195 INFO test_test_testenv_12 odoo.addons.base.models.ir_translation: module portal: loading translation file (it) for language it_IT 
2023-02-02 13:17:50,118 7195 INFO test_test_testenv_12 odoo.tools.translate: loading /home/odoo/12.0/addons/portal/i18n/it.po 
2023-02-02 13:17:50,154 7195 INFO test_test_testenv_12 odoo.addons.base.models.ir_translation: module digest: loading translation file (it) for language it_IT 
2023-02-02 13:17:50,154 7195 INFO test_test_testenv_12 odoo.tools.translate: loading /home/odoo/12.0/addons/digest/i18n/it.po 
2023-02-02 13:17:50,179 7195 INFO test_test_testenv_12 odoo.addons.base.models.ir_translation: module account: loading translation file (it) for language it_IT 
2023-02-02 13:17:50,179 7195 INFO test_test_testenv_12 odoo.tools.translate: loading /home/odoo/12.0/addons/account/i18n/it.po 
2023-02-02 13:17:50,865 7195 INFO test_test_testenv_12 odoo.addons.base.models.ir_translation: module account_bank_statement_import: loading translation file (it) for language it_IT 
2023-02-02 13:17:50,865 7195 INFO test_test_testenv_12 odoo.tools.translate: loading /home/odoo/12.0/addons/account_bank_statement_import/i18n/it.po 
2023-02-02 13:17:50,888 7195 INFO test_test_testenv_12 odoo.addons.base.models.ir_translation: module account_cancel: loading translation file (it) for language it_IT 
2023-02-02 13:17:50,888 7195 INFO test_test_testenv_12 odoo.tools.translate: loading /home/odoo/12.0/addons/account_cancel/i18n/it.po 
2023-02-02 13:17:50,903 7195 INFO test_test_testenv_12 odoo.addons.base.models.ir_translation: module account_facturx: no translation for language it 
2023-02-02 13:17:50,905 7195 INFO test_test_testenv_12 odoo.addons.base.models.ir_translation: module base_import: loading translation file (it) for language it_IT 
2023-02-02 13:17:50,905 7195 INFO test_test_testenv_12 odoo.tools.translate: loading /home/odoo/12.0/addons/base_import/i18n/it.po 
2023-02-02 13:17:50,940 7195 INFO test_test_testenv_12 odoo.addons.base.models.ir_translation: module fetchmail: loading translation file (it) for language it_IT 
2023-02-02 13:17:50,940 7195 INFO test_test_testenv_12 odoo.tools.translate: loading /home/odoo/12.0/addons/fetchmail/i18n/it.po 
2023-02-02 13:17:50,957 7195 INFO test_test_testenv_12 odoo.addons.base.models.ir_translation: module l10n_generic_coa: no translation for language it 
2023-02-02 13:17:50,960 7195 INFO test_test_testenv_12 odoo.addons.base.models.ir_translation: module l10n_us: no translation for language it 
2023-02-02 13:17:50,962 7195 INFO test_test_testenv_12 odoo.addons.base.models.ir_translation: module mail_bot: loading translation file (it) for language it_IT 
2023-02-02 13:17:50,962 7195 INFO test_test_testenv_12 odoo.tools.translate: loading /home/odoo/12.0/addons/mail_bot/i18n/it.po 
2023-02-02 13:17:50,982 7195 INFO test_test_testenv_12 odoo.addons.base.models.ir_translation: module module_version: loading translation file (it) for language it_IT 
2023-02-02 13:17:50,982 7195 INFO test_test_testenv_12 odoo.tools.translate: loading /home/odoo/12.0/custom-addons/module_version/i18n/it.po 
2023-02-02 13:17:50,985 7195 INFO test_test_testenv_12 odoo.tools.translate: Translation 'To upgrade' (view, ir.module.module, 0) not found in reference pot, skipping 
2023-02-02 13:17:50,985 7195 INFO test_test_testenv_12 odoo.tools.translate: Translation 'Upgrade' (view, ir.module.module, 0) not found in reference pot, skipping 
2023-02-02 13:17:50,985 7195 INFO test_test_testenv_12 odoo.tools.translate: Translation 'Not Installed' (view, ir.module.module, 0) not found in reference pot, skipping 
2023-02-02 13:17:50,986 7195 INFO test_test_testenv_12 odoo.tools.translate: Translation 'Cancel Upgrade' (view, ir.module.module, 0) not found in reference pot, skipping 
2023-02-02 13:17:50,986 7195 INFO test_test_testenv_12 odoo.tools.translate: Translation 'Need Upgrade' (code, addons/module_version/module.py, 60) not found in reference pot, skipping 
2023-02-02 13:17:50,986 7195 INFO test_test_testenv_12 odoo.tools.translate: Translation 'Need Upgrade' (field, ir.module.module,check_upgrade, 0) not found in reference pot, skipping 
2023-02-02 13:17:50,986 7195 INFO test_test_testenv_12 odoo.tools.translate: Translation 'Need Upgrade' (field, ir.module.module,need_upgrade, 0) not found in reference pot, skipping 
2023-02-02 13:17:50,996 7195 INFO test_test_testenv_12 odoo.addons.base.models.ir_translation: module payment: loading translation file (it) for language it_IT 
2023-02-02 13:17:50,996 7195 INFO test_test_testenv_12 odoo.tools.translate: loading /home/odoo/12.0/addons/payment/i18n/it.po 
2023-02-02 13:17:51,069 7195 INFO test_test_testenv_12 odoo.addons.base.models.ir_translation: module payment_transfer: loading translation file (it) for language it_IT 
2023-02-02 13:17:51,069 7195 INFO test_test_testenv_12 odoo.tools.translate: loading /home/odoo/12.0/addons/payment_transfer/i18n/it.po 
2023-02-02 13:17:51,082 7195 INFO test_test_testenv_12 odoo.addons.base.models.ir_translation: module web_diagram: loading translation file (it) for language it_IT 
2023-02-02 13:17:51,082 7195 INFO test_test_testenv_12 odoo.tools.translate: loading /home/odoo/12.0/addons/web_diagram/i18n/it.po 
2023-02-02 13:17:51,092 7195 INFO test_test_testenv_12 odoo.addons.base.models.ir_translation: module web_editor: loading translation file (it) for language it_IT 
2023-02-02 13:17:51,092 7195 INFO test_test_testenv_12 odoo.tools.translate: loading /home/odoo/12.0/addons/web_editor/i18n/it.po 
2023-02-02 13:17:51,137 7195 INFO test_test_testenv_12 odoo.addons.base.models.ir_translation: module web_kanban_gauge: loading translation file (it) for language it_IT 
2023-02-02 13:17:51,137 7195 INFO test_test_testenv_12 odoo.tools.translate: loading /home/odoo/12.0/addons/web_kanban_gauge/i18n/it.po 
2023-02-02 13:17:51,149 7195 INFO test_test_testenv_12 odoo.addons.base.models.ir_translation: module web_settings_dashboard: loading translation file (it) for language it_IT 
2023-02-02 13:17:51,149 7195 INFO test_test_testenv_12 odoo.tools.translate: loading /home/odoo/12.0/addons/web_settings_dashboard/i18n/it.po 
2023-02-02 13:17:51,167 7195 INFO test_test_testenv_12 odoo.addons.base.models.ir_translation: module web_unsplash: loading translation file (it) for language it_IT 
2023-02-02 13:17:51,168 7195 INFO test_test_testenv_12 odoo.tools.translate: loading /home/odoo/12.0/addons/web_unsplash/i18n/it.po 
2023-02-02 13:17:51,268 7195 INFO test_test_testenv_12 odoo.addons.test_testenv.tests.testenv: üêûwizard starting(Language Pack) 
2023-02-02 13:17:51,270 7195 INFO test_test_testenv_12 odoo.addons.test_testenv.tests.testenv: üé∫ Starting test v2.0.5.1 (debug_level=2) 
2023-02-02 13:17:51,278 7195 INFO test_test_testenv_12 odoo.addons.test_testenv.tests.testenv: üé∫ Testing module: test_testenv (12.0.2.0.5) 
2023-02-02 13:17:51,280 7195 INFO test_test_testenv_12 odoo.addons.test_testenv.tests.testenv: ‚ö† product.product[type]: 'product' -> 'consu' 
2023-02-02 13:17:51,280 7195 INFO test_test_testenv_12 odoo.addons.test_testenv.tests.testenv: ‚ö† product.template[type]: 'product' -> 'consu' 
2023-02-02 13:17:51,281 7195 INFO test_test_testenv_12 odoo.addons.test_testenv.tests.testenv: ‚ö† account.payment.term.line._cvt_account_payment_term_line(all) 
2023-02-02 13:17:51,720 7195 INFO test_test_testenv_12 odoo.addons.test_testenv.tests.testenv: üêûres.partner(42,).resource_edit(['save']) 
2023-02-02 13:17:51,861 7195 INFO test_test_testenv_12 odoo.addons.base.models.ir_attachment: _read_file reading /home/odoo/.local/share/Odoo12/filestore/test_test_testenv_12/91/91cf91f4bb4e8ab1dda361b7ce81fd7a215616cb 
Traceback (most recent call last):
  File "/home/odoo/12.0/odoo/api.py", line 1049, in get
    value = self._data[key][field][record._ids[0]]
KeyError: 42

During handling of the above exception, another exception occurred:

Traceback (most recent call last):
  File "/home/odoo/12.0/odoo/fields.py", line 1064, in __get__
    value = record.env.cache.get(record, self)
  File "/home/odoo/12.0/odoo/api.py", line 1051, in get
    raise CacheMiss(record, field)
odoo.exceptions.CacheMiss: ('res.partner(42,).image', None)

During handling of the above exception, another exception occurred:

Traceback (most recent call last):
  File "/home/odoo/12.0/odoo/api.py", line 1049, in get
    value = self._data[key][field][record._ids[0]]
KeyError: 490

During handling of the above exception, another exception occurred:

Traceback (most recent call last):
  File "/home/odoo/12.0/odoo/fields.py", line 1064, in __get__
    value = record.env.cache.get(record, self)
  File "/home/odoo/12.0/odoo/api.py", line 1051, in get
    raise CacheMiss(record, field)
odoo.exceptions.CacheMiss: ('ir.attachment(490,).datas', None)

During handling of the above exception, another exception occurred:

Traceback (most recent call last):
  File "/home/odoo/12.0/odoo/addons/base/models/ir_attachment.py", line 113, in _file_read
    r = base64.b64encode(open(full_path,'rb').read())
FileNotFoundError: [Errno 2] No such file or directory: '/home/odoo/.local/share/Odoo12/filestore/test_test_testenv_12/91/91cf91f4bb4e8ab1dda361b7ce81fd7a215616cb'
2023-02-02 13:17:51,863 7195 INFO test_test_testenv_12 odoo.addons.test_testenv.tests.testenv: üêûdeclare_all_data(account.account,group=invoice) 
2023-02-02 13:17:51,865 7195 INFO test_test_testenv_12 odoo.addons.test_testenv.tests.testenv: üêûaccount.account.store_resource_data(z0bug.coa_sale,name=account.account,group=invoice) 
2023-02-02 13:17:51,866 7195 INFO test_test_testenv_12 odoo.addons.test_testenv.tests.testenv: üêûaccount.account.store_resource_data(z0bug.coa_sale2,name=account.account,group=invoice) 
2023-02-02 13:17:51,867 7195 INFO test_test_testenv_12 odoo.addons.test_testenv.tests.testenv: üêûaccount.account.store_resource_data(z0bug.coa_tax_recv,name=account.account,group=invoice) 
2023-02-02 13:17:51,867 7195 INFO test_test_testenv_12 odoo.addons.test_testenv.tests.testenv: üêûdeclare_all_data(account.tax,group=invoice) 
2023-02-02 13:17:51,868 7195 INFO test_test_testenv_12 odoo.addons.test_testenv.tests.testenv: üêû  skeys[account.tax] = ['description'] 
2023-02-02 13:17:51,870 7195 INFO test_test_testenv_12 odoo.addons.test_testenv.tests.testenv: üêûaccount.tax.store_resource_data(external.22v,name=account.tax,group=invoice) 
2023-02-02 13:17:51,870 7195 INFO test_test_testenv_12 odoo.addons.test_testenv.tests.testenv: üêûdeclare_all_data(account.journal,group=invoice) 
2023-02-02 13:17:51,872 7195 INFO test_test_testenv_12 odoo.addons.test_testenv.tests.testenv: üêû  skeys[account.journal] = ['code'] 
2023-02-02 13:17:51,872 7195 INFO test_test_testenv_12 odoo.addons.test_testenv.tests.testenv: üêûaccount.journal.store_resource_data(external.BNK1,name=account.journal,group=invoice) 
2023-02-02 13:17:51,872 7195 INFO test_test_testenv_12 odoo.addons.test_testenv.tests.testenv: üêûaccount.journal.store_resource_data(external.INV,name=account.journal,group=invoice) 
2023-02-02 13:17:51,872 7195 INFO test_test_testenv_12 odoo.addons.test_testenv.tests.testenv: üêûdeclare_all_data(account.invoice,group=invoice) 
2023-02-02 13:17:51,875 7195 INFO test_test_testenv_12 odoo.addons.test_testenv.tests.testenv: üêûchilds_resource[account.invoice] = account.invoice.line 
2023-02-02 13:17:51,875 7195 INFO test_test_testenv_12 odoo.addons.test_testenv.tests.testenv: üêûchilds_name[account.invoice] = invoice_line_ids 
2023-02-02 13:17:51,879 7195 INFO test_test_testenv_12 odoo.addons.test_testenv.tests.testenv: üêû  parent_resource[account.invoice.line] = account.invoice 
2023-02-02 13:17:51,879 7195 INFO test_test_testenv_12 odoo.addons.test_testenv.tests.testenv: üêû  parent_name[account.invoice.line] = invoice_id 
2023-02-02 13:17:51,879 7195 INFO test_test_testenv_12 odoo.addons.test_testenv.tests.testenv: üêû  skeys[account.invoice.line] = ['sequence'] 
2023-02-02 13:17:51,879 7195 INFO test_test_testenv_12 odoo.addons.test_testenv.tests.testenv: üêû  skeys[account.invoice] = ['number'] 
2023-02-02 13:17:51,883 7195 INFO test_test_testenv_12 odoo.addons.test_testenv.tests.testenv: üêûaccount.invoice.store_resource_data(z0bug.invoice_Z0_1,name=account.invoice,group=invoice) 
2023-02-02 13:17:51,887 7195 INFO test_test_testenv_12 odoo.addons.test_testenv.tests.testenv: üêûaccount.invoice.store_resource_data(z0bug.invoice_Z0_2,name=account.invoice,group=invoice) 
2023-02-02 13:17:51,887 7195 INFO test_test_testenv_12 odoo.addons.test_testenv.tests.testenv: üêûdeclare_all_data(account.invoice.line,group=invoice) 
2023-02-02 13:17:51,889 7195 INFO test_test_testenv_12 odoo.addons.test_testenv.tests.testenv: üêûaccount.invoice.line.store_resource_data(z0bug.invoice_Z0_1_03,name=account.invoice.line,group=invoice) 
2023-02-02 13:17:51,892 7195 INFO test_test_testenv_12 odoo.addons.test_testenv.tests.testenv: üêûaccount.invoice.line.store_resource_data(z0bug.invoice_Z0_1_1,name=account.invoice.line,group=invoice) 
2023-02-02 13:17:51,895 7195 INFO test_test_testenv_12 odoo.addons.test_testenv.tests.testenv: üêûaccount.invoice.line.store_resource_data(z0bug.invoice_Z0_1_2,name=account.invoice.line,group=invoice) 
2023-02-02 13:17:51,899 7195 INFO test_test_testenv_12 odoo.addons.test_testenv.tests.testenv: üêûaccount.invoice.line.store_resource_data(z0bug.invoice_Z0_2_1,name=account.invoice.line,group=invoice) 
2023-02-02 13:17:51,902 7195 INFO test_test_testenv_12 odoo.addons.test_testenv.tests.testenv: üêûaccount.invoice.line.store_resource_data(z0bug.invoice_Z0_2_2,name=account.invoice.line,group=invoice) 
2023-02-02 13:17:51,902 7195 INFO test_test_testenv_12 odoo.addons.test_testenv.tests.testenv: üé∫ Starting test v2.0.5.1 (debug_level=2) 
2023-02-02 13:17:51,902 7195 INFO test_test_testenv_12 odoo.addons.test_testenv.tests.testenv: üé∫ Testing module: test_testenv (12.0.2.0.5) 
2023-02-02 13:17:51,903 7195 INFO test_test_testenv_12 odoo.addons.test_testenv.tests.testenv: ‚ö† product.product[type]: 'product' -> 'consu' 
2023-02-02 13:17:51,903 7195 INFO test_test_testenv_12 odoo.addons.test_testenv.tests.testenv: ‚ö† product.template[type]: 'product' -> 'consu' 
2023-02-02 13:17:51,904 7195 INFO test_test_testenv_12 odoo.addons.test_testenv.tests.testenv: ‚ö† account.payment.term.line._cvt_account_payment_term_line(all) 
2023-02-02 13:17:51,971 7195 INFO test_test_testenv_12 odoo.addons.test_testenv.tests.testenv: üêûaccount.account.store_resource_data(z0bug.coa_sale2,name=account.account,group=invoice) 
2023-02-02 13:17:51,994 7195 INFO test_test_testenv_12 odoo.addons.test_testenv.tests.testenv: üêûaccount.tax.store_resource_data(external.22v,name=account.tax,group=invoice) 
2023-02-02 13:17:52,019 7195 INFO test_test_testenv_12 odoo.addons.test_testenv.tests.testenv: ‚ö† External reference z0bug.invoice_Z0_1 not found 
2023-02-02 13:17:52,024 7195 INFO test_test_testenv_12 odoo.addons.test_testenv.tests.testenv: ‚ö† External reference z0bug.invoice_Z0_1 not found 
2023-02-02 13:17:52,030 7195 INFO test_test_testenv_12 odoo.addons.test_testenv.tests.testenv: ‚ö† External reference z0bug.invoice_Z0_1 not found 
2023-02-02 13:17:52,168 7195 INFO test_test_testenv_12 odoo.addons.test_testenv.tests.testenv: üêûaccount.invoice.store_resource_data(z0bug.invoice_Z0_1,name=account.invoice,group=invoice) 
2023-02-02 13:17:52,180 7195 INFO test_test_testenv_12 odoo.addons.test_testenv.tests.testenv: ‚ö† External reference z0bug.invoice_Z0_2 not found 
2023-02-02 13:17:52,185 7195 INFO test_test_testenv_12 odoo.addons.test_testenv.tests.testenv: ‚ö† External reference z0bug.invoice_Z0_2 not found 
2023-02-02 13:17:52,292 7195 INFO test_test_testenv_12 odoo.addons.test_testenv.tests.testenv: üêûaccount.invoice.store_resource_data(z0bug.invoice_Z0_2,name=account.invoice,group=invoice) 
2023-02-02 13:17:52,419 7195 INFO test_test_testenv_12 odoo.addons.test_testenv.tests.testenv: üêûaccount.invoice(10,).resource_edit(['action_invoice_open']) 
2023-02-02 13:17:52,437 7195 INFO test_test_testenv_12 odoo.addons.test_testenv.tests.testenv: üêû  account.invoice.action_invoice_open() 
2023-02-02 13:17:52,633 7195 INFO test_test_testenv_12 odoo.addons.test_testenv.tests.testenv: üêûaccount.invoice(10,).resource_edit(['action_invoice_cancel']) 
2023-02-02 13:17:52,646 7195 INFO test_test_testenv_12 odoo.addons.test_testenv.tests.testenv: üêû  account.invoice.action_invoice_cancel() 
2023-02-02 13:17:52,705 7195 INFO test_test_testenv_12 odoo.models.unlink: User #1 deleted account.move.line records with IDs: [23, 22, 21, 20] 
2023-02-02 13:17:52,720 7195 INFO test_test_testenv_12 odoo.models.unlink: User #1 deleted account.move records with IDs: [8] 
2023-02-02 13:17:52,722 7195 INFO test_test_testenv_12 odoo.addons.test_testenv.tests.testenv: üêûaccount.invoice(10,).resource_edit(['action_invoice_draft']) 
2023-02-02 13:17:52,745 7195 INFO test_test_testenv_12 odoo.addons.test_testenv.tests.testenv: üêû  account.invoice.action_invoice_draft() 
2023-02-02 13:17:52,825 7195 INFO test_test_testenv_12 odoo.addons.test_testenv.tests.testenv: üêûwizard starting(Confirm Draft Invoices) 
2023-02-02 13:17:52,825 7195 INFO test_test_testenv_12 odoo.addons.test_testenv.tests.testenv: ‚ö† act_windows['multi'] does not match # of records! 
2023-02-02 13:17:52,828 7195 INFO test_test_testenv_12 odoo.addons.test_testenv.tests.testenv: üêû  account.invoice.confirm.invoice_confirm() 
2023-02-02 13:17:53,193 7195 INFO test_test_testenv_12 odoo.addons.test_testenv.tests.testenv: üêûaccount.invoice(9,).resource_edit(['account.action_account_invoice_payment']) 
2023-02-02 13:17:53,227 7195 INFO test_test_testenv_12 odoo.addons.test_testenv.tests.testenv: üêû  act_windows(account.action_account_invoice_payment) 
2023-02-02 13:17:53,228 7195 INFO test_test_testenv_12 odoo.addons.test_testenv.tests.testenv: üêûwizard starting(Register Payment) 
2023-02-02 13:17:53,229 7195 INFO test_test_testenv_12 odoo.addons.test_testenv.tests.testenv: üêû  skeys[account.payment] = ['partner_id'] 
2023-02-02 13:17:53,310 7195 INFO test_test_testenv_12 odoo.addons.test_testenv.tests.testenv: üêû  account.payment.post() 
2023-02-02 13:17:53,551 7195 INFO test_test_testenv_12 odoo.addons.test_testenv.tests.testenv: üêûaccount.move(9,).resource_edit(['button_cancel']) 
2023-02-02 13:17:53,555 7195 INFO test_test_testenv_12 odoo.addons.test_testenv.tests.testenv: üêûchilds_resource[account.move] = account.move.line 
2023-02-02 13:17:53,555 7195 INFO test_test_testenv_12 odoo.addons.test_testenv.tests.testenv: üêûchilds_name[account.move] = line_ids 
2023-02-02 13:17:53,556 7195 INFO test_test_testenv_12 odoo.addons.test_testenv.tests.testenv: üêû  parent_resource[account.move.line] = account.move 
2023-02-02 13:17:53,556 7195 INFO test_test_testenv_12 odoo.addons.test_testenv.tests.testenv: üêû  parent_name[account.move.line] = move_id 
2023-02-02 13:17:53,556 7195 INFO test_test_testenv_12 odoo.addons.test_testenv.tests.testenv: üêû  skeys[account.move.line] = ['partner_id'] 
2023-02-02 13:17:53,557 7195 INFO test_test_testenv_12 odoo.addons.test_testenv.tests.testenv: üêû  skeys[account.move] = ['partner_id'] 
2023-02-02 13:17:53,557 7195 INFO test_test_testenv_12 odoo.addons.test_testenv.tests.testenv: üêû  account.move.button_cancel() 
2023-02-02 13:17:53,561 7195 INFO test_test_testenv_12 odoo.addons.test_testenv.tests.testenv: ‚ö† No *2many value for account.move.line.[] 
2023-02-02 13:17:53,571 7195 INFO test_test_testenv_12 odoo.addons.test_testenv.tests.testenv: ‚ö† No *2many value for account.move.line.[] 
2023-02-02 13:17:53,576 7195 INFO test_test_testenv_12 odoo.addons.test_testenv.tests.testenv: üêûaccount.move(9,).resource_edit(['post']) 
2023-02-02 13:17:53,593 7195 INFO test_test_testenv_12 odoo.addons.test_testenv.tests.testenv: üêû  account.move.post() 
2023-02-02 13:17:53,631 7195 INFO test_test_testenv_12 odoo.addons.test_testenv.tests.test_testenv: üé∫ Testing validate_record() 
2023-02-02 13:17:53,738 7195 INFO test_test_testenv_12 odoo.addons.test_testenv.tests.testenv: üêûvalidate_records(template(Prima Alpha S.p.A.,Latte Beta Due s.n.c.), res.partner(42, 41)) 
2023-02-02 13:17:53,741 7195 INFO test_test_testenv_12 odoo.addons.test_testenv.tests.testenv: üêû ... assertEqual(template(Prima Alpha S.p.A.).name:'Prima Alpha S.p.A.', rec(42):'Prima Alpha S.p.A.') 
2023-02-02 13:17:53,741 7195 INFO test_test_testenv_12 odoo.addons.test_testenv.tests.testenv: üêû ... assertEqual(template(Prima Alpha S.p.A.).street:'Via I Maggio, 101', rec(42):'Via I Maggio, 101') 
2023-02-02 13:17:53,741 7195 INFO test_test_testenv_12 odoo.addons.test_testenv.tests.testenv: üêû ... assertEqual(template(Latte Beta Due s.n.c.).name:'Latte Beta Due s.n.c.', rec(41):'Latte Beta Due s.n.c.') 
2023-02-02 13:17:53,741 7195 INFO test_test_testenv_12 odoo.addons.test_testenv.tests.testenv: üêû ... assertEqual(template(Latte Beta Due s.n.c.).country_id:'base.it', rec(41):'res.country(109,)') 
2023-02-02 13:17:53,742 7195 INFO test_test_testenv_12 odoo.addons.test_testenv.tests.testenv: üêû4 assertion validated for validate_records(template(Prima Alpha S.p.A.,Latte Beta Due s.n.c.), res.partner(42, 41)) 
2023-02-02 13:17:53,742 7195 INFO test_test_testenv_12 odoo.addons.test_testenv.tests.testenv: üêûvalidate_records(template(1,2), res.partner(42, 41)) 
2023-02-02 13:17:53,742 7195 INFO test_test_testenv_12 odoo.addons.test_testenv.tests.testenv: üêû ... assertEqual(template(1).customer:'True', rec(42):'True') 
2023-02-02 13:17:53,742 7195 INFO test_test_testenv_12 odoo.addons.test_testenv.tests.testenv: üêû ... assertEqual(template(2).customer:'True', rec(41):'True') 
2023-02-02 13:17:53,742 7195 INFO test_test_testenv_12 odoo.addons.test_testenv.tests.testenv: üêû2 assertion validated for validate_records(template(1,2), res.partner(42, 41)) 
2023-02-02 13:17:53,743 7195 INFO test_test_testenv_12 odoo.addons.test_testenv.tests.testenv: ‚ö† No *2many value for account.payment.term.line.[] 
2023-02-02 13:17:53,743 7195 INFO test_test_testenv_12 odoo.addons.test_testenv.tests.testenv: üêûaccount.payment.term.cast_type() = {} 
2023-02-02 13:17:53,746 7195 INFO test_test_testenv_12 odoo.addons.test_testenv.tests.testenv: üêûvalidate_records(template(RiBA 30/60 GG), [account.payment.term(9,)]) 
2023-02-02 13:17:53,748 7195 INFO test_test_testenv_12 odoo.addons.test_testenv.tests.testenv: üêû ... assertEqual(template(RiBA 30/60 GG).name:'RiBA 30/60 GG', rec(9):'RiBA 30/60 GG') 
2023-02-02 13:17:53,748 7195 INFO test_test_testenv_12 odoo.addons.test_testenv.tests.testenv: üêû ... assertEqual(template(RiBA 30/60 GG.line_1).days:'30', rec(10):'30') 
2023-02-02 13:17:53,748 7195 INFO test_test_testenv_12 odoo.addons.test_testenv.tests.testenv: üêû ... assertEqual(template(RiBA 30/60 GG.line_1).value:'percent', rec(10):'percent') 
2023-02-02 13:17:53,748 7195 INFO test_test_testenv_12 odoo.addons.test_testenv.tests.testenv: üêû ... assertEqual(template(RiBA 30/60 GG.line_1).value_amount:'50', rec(10):'50.0') 
2023-02-02 13:17:53,748 7195 INFO test_test_testenv_12 odoo.addons.test_testenv.tests.testenv: üêû ... assertEqual(template(RiBA 30/60 GG.line_2).days:'60', rec(11):'60') 
2023-02-02 13:17:53,748 7195 INFO test_test_testenv_12 odoo.addons.test_testenv.tests.testenv: üêû ... assertEqual(template(RiBA 30/60 GG.line_2).value:'balance', rec(11):'balance') 
2023-02-02 13:17:53,748 7195 INFO test_test_testenv_12 odoo.addons.test_testenv.tests.testenv: üêû6 assertion validated for validate_records(template(RiBA 30/60 GG), [account.payment.term(9,)]) 
2023-02-02 13:17:53,763 7195 INFO test_test_testenv_12 odoo.addons.test_testenv.tests.testenv: üêûwizard starting(Wizard Example from menu) 
2023-02-02 13:17:53,769 7195 INFO test_test_testenv_12 odoo.addons.test_testenv.tests.testenv: üêû  wizard.example.menu.do_example() 
2023-02-02 13:17:53,800 7195 INFO test_test_testenv_12 odoo.models.unlink: User #1 deleted testenv.all.fields records with IDs: [2] 
2023-02-02 13:17:53,818 7195 INFO test_test_testenv_12 odoo.addons.test_testenv.tests.testenv: üêûwizard starting(Wizard Example from menu) 
2023-02-02 13:17:53,824 7195 INFO test_test_testenv_12 odoo.addons.test_testenv.tests.testenv: üêû  wizard.example.menu.do_example() 
2023-02-02 13:17:53,856 7195 INFO test_test_testenv_12 odoo.addons.test_testenv.tests.testenv: üêûvalidate_records(template(1,2,3), testenv.all.fields(3, 4, 5)) 
2023-02-02 13:17:53,858 7195 WARNING test_test_testenv_12 odoo.models: Comparing apples and oranges: res.currency(2,) == 2 (/home/odoo/12.0/zerobug-test/test_testenv/tests/testenv.py:2358) 
2023-02-02 13:17:53,862 7195 WARNING test_test_testenv_12 odoo.models: Comparing apples and oranges: res.currency(2,) == 2 (/home/odoo/12.0/zerobug-test/test_testenv/tests/testenv.py:2358) 
2023-02-02 13:17:53,862 7195 WARNING test_test_testenv_12 odoo.models: Comparing apples and oranges: res.currency(2,) == 2 (/home/odoo/12.0/zerobug-test/test_testenv/tests/testenv.py:2358) 
2023-02-02 13:17:53,863 7195 INFO test_test_testenv_12 odoo.addons.test_testenv.tests.testenv: üêû ... assertEqual(template(1).rank:'1', rec(3):'1') 
2023-02-02 13:17:53,863 7195 INFO test_test_testenv_12 odoo.addons.test_testenv.tests.testenv: üêû ... assertEqual(template(1).active:'True', rec(3):'True') 
2023-02-02 13:17:53,863 7195 INFO test_test_testenv_12 odoo.addons.test_testenv.tests.testenv: üêû ... assertEqual(template(1).currency_id:'2', rec(3):'res.currency(2,)') 
2023-02-02 13:17:53,863 7195 INFO test_test_testenv_12 odoo.addons.test_testenv.tests.testenv: üêû ... assertEqual(template(1).description:'I was born in Caserta', rec(3):'I was born in Caserta') 
2023-02-02 13:17:53,863 7195 INFO test_test_testenv_12 odoo.addons.test_testenv.tests.testenv: üêû ... assertEqual(template(1).amount:'1234.5', rec(3):'1234.5') 
2023-02-02 13:17:53,863 7195 INFO test_test_testenv_12 odoo.addons.test_testenv.tests.testenv: üêû ... assertEqual(template(1).date:'####-##-<1', rec(3):'2023-02-01') 
2023-02-02 13:17:53,864 7195 INFO test_test_testenv_12 odoo.addons.test_testenv.tests.testenv: üêû ... assertEqual(template(1).created_dt:'####-<1-01 10:00:59', rec(3):'2023-01-01 10:00:59') 
2023-02-02 13:17:53,864 7195 INFO test_test_testenv_12 odoo.addons.test_testenv.tests.testenv: üêû ... assertEqual(template(2).rank:'2', rec(4):'2') 
2023-02-02 13:17:53,864 7195 INFO test_test_testenv_12 odoo.addons.test_testenv.tests.testenv: üêû ... assertEqual(template(2).active:'1', rec(4):'True') 
2023-02-02 13:17:53,864 7195 INFO test_test_testenv_12 odoo.addons.test_testenv.tests.testenv: üêû ... assertEqual(template(2).description:'', rec(4):'') 
2023-02-02 13:17:53,864 7195 INFO test_test_testenv_12 odoo.addons.test_testenv.tests.testenv: üêû ... assertEqual(template(2).measure:'98.7', rec(4):'98.7') 
2023-02-02 13:17:53,864 7195 INFO test_test_testenv_12 odoo.addons.test_testenv.tests.testenv: üêû ... assertEqual(template(2).date:'####-##-<5', rec(4):'2023-01-28') 
2023-02-02 13:17:53,864 7195 INFO test_test_testenv_12 odoo.addons.test_testenv.tests.testenv: üêû ... assertEqual(template(2).created_dt:'####-<1-02 11:10:52', rec(4):'2023-01-02 11:10:52') 
2023-02-02 13:17:53,865 7195 INFO test_test_testenv_12 odoo.addons.test_testenv.tests.testenv: üêû ... assertEqual(template(3).rank:'3', rec(5):'3') 
2023-02-02 13:17:53,865 7195 INFO test_test_testenv_12 odoo.addons.test_testenv.tests.testenv: üêû ... assertEqual(template(3).state:'draft', rec(5):'draft') 
2023-02-02 13:17:53,865 7195 INFO test_test_testenv_12 odoo.addons.test_testenv.tests.testenv: üêû ... assertEqual(template(3).currency_id:'res.currency(2,)', rec(5):'res.currency(2,)') 
2023-02-02 13:17:53,865 7195 INFO test_test_testenv_12 odoo.addons.test_testenv.tests.testenv: üêû ... assertEqual(template(3).description:'We live in Turin', rec(5):'We live in Turin') 
2023-02-02 13:17:53,865 7195 INFO test_test_testenv_12 odoo.addons.test_testenv.tests.testenv: üêû ... assertEqual(template(3).date:'####-##-<14', rec(5):'2023-01-19') 
2023-02-02 13:17:53,865 7195 INFO test_test_testenv_12 odoo.addons.test_testenv.tests.testenv: üêû ... assertEqual(template(3).created_dt:'####-<1-03 12:20:45', rec(5):'2023-01-03 12:20:45') 
2023-02-02 13:17:53,865 7195 INFO test_test_testenv_12 odoo.addons.test_testenv.tests.testenv: üêû ... assertEqual(template(3).partner_ids:'(res.partner(42,), res.partner(41,))', rec(5):'res.partner(41, 42)') 
2023-02-02 13:17:53,866 7195 INFO test_test_testenv_12 odoo.addons.test_testenv.tests.testenv: üêû20 assertion validated for validate_records(template(1,2,3), testenv.all.fields(3, 4, 5)) 
2023-02-02 13:17:53,874 7195 INFO test_test_testenv_12 odoo.addons.test_testenv.tests.test_testenv: Ran 1 test in 8.259s 
2023-02-02 13:17:53,874 7195 INFO test_test_testenv_12 odoo.addons.test_testenv.tests.test_testenv: OK 
2023-02-02 13:17:53,874 7195 INFO test_test_testenv_12 odoo.modules.module: odoo.addons.test_testenv.tests.test_testenv tested in 8.26s, 4349 queries 
2023-02-02 13:17:53,896 7195 INFO test_test_testenv_12 odoo.modules.loading: 32 modules loaded in 9.89s, 4354 queries 
2023-02-02 13:17:54,519 7195 INFO test_test_testenv_12 odoo.modules.loading: Modules loaded. 
2023-02-02 13:17:54,530 7195 INFO test_test_testenv_12 odoo.service.server: Starting post tests 
2023-02-02 13:17:54,531 7195 INFO test_test_testenv_12 odoo.service.server: All post-tested in 0.00s, 0 queries 
2023-02-02 13:17:54,531 7195 INFO test_test_testenv_12 odoo.service.server: Initiating shutdown 
2023-02-02 13:17:54,531 7195 INFO test_test_testenv_12 odoo.service.server: Hit CTRL-C again or send a second signal to force the shutdown. 

+===================================================================
| please test [36mtest_testenv[0m (12.0): [32mSUCCESS![0m
+===================================================================

Name                                                      Stmts   Miss  Cover   Missing
---------------------------------------------------------------------------------------
zerobug-test/test_testenv/models/testenv_model.py            37      0   100%
zerobug-test/test_testenv/tests/test_testenv.py             287     17    94%   1016-1067
zerobug-test/test_testenv/tests/testenv.py                  897     44    95%   470, 513, 528-529, 621, 733, 758, 846, 903, 917, 1092, 1172, 1198-1202, 1257, 1282, 1630, 1756-1757, 1807, 1844-1855, 1869-1873, 1875-1876, 2142-2156, 2272, 2322-2323
zerobug-test/test_testenv/wizard/wizard_example_menu.py      34      5    85%   32, 34, 36, 42, 113
---------------------------------------------------------------------------------------
TOTAL                                                      1255     66    95%
