2023-06-30 18:07:31,829 2003198 INFO ? odoo: Odoo version 10.0
2023-06-30 18:07:31,830 2003198 INFO ? odoo: Using configuration file at /home/odoo/10.0/zerobug-test/test_testenv/tests/logs/zero10.zerobug-test.test_testenv.conf
2023-06-30 18:07:31,830 2003198 INFO ? odoo: addons paths: ['/home/odoo/.local/share/Odoo10/addons/10.0', u'/home/odoo/10.0/odoo/addons', u'/home/odoo/10.0/addons', u'/home/odoo/10.0/account-analytic', u'/home/odoo/10.0/account-budgeting', u'/home/odoo/10.0/account-closing', u'/home/odoo/10.0/account-consolidation', u'/home/odoo/10.0/account-financial-reporting', u'/home/odoo/10.0/account-financial-tools', u'/home/odoo/10.0/account-fiscal-rule', u'/home/odoo/10.0/account-invoice-reporting', u'/home/odoo/10.0/account-invoicing', u'/home/odoo/10.0/account-payment', u'/home/odoo/10.0/account-reconcile', u'/home/odoo/10.0/apps-store', u'/home/odoo/10.0/bank-payment', u'/home/odoo/10.0/bank-statement-import', u'/home/odoo/10.0/business-requirement', u'/home/odoo/10.0/calendar', u'/home/odoo/10.0/commission', u'/home/odoo/10.0/community-data-files', u'/home/odoo/10.0/connector', u'/home/odoo/10.0/contract', u'/home/odoo/10.0/credit-control', u'/home/odoo/10.0/crm', u'/home/odoo/10.0/currency', u'/home/odoo/10.0/data-protection', u'/home/odoo/10.0/delivery-carrier', u'/home/odoo/10.0/donation', u'/home/odoo/10.0/e-commerce', u'/home/odoo/10.0/edi', u'/home/odoo/10.0/event', u'/home/odoo/10.0/geospatial', u'/home/odoo/10.0/helpdesk', u'/home/odoo/10.0/hr', u'/home/odoo/10.0/infrastructure', u'/home/odoo/10.0/intrastat-extrastat', u'/home/odoo/10.0/knowledge', u'/home/odoo/10.0/l10n-italy', u'/home/odoo/10.0/l10n-italy-supplemental', u'/home/odoo/10.0/maintenance', u'/home/odoo/10.0/management-system', u'/home/odoo/10.0/manufacture', u'/home/odoo/10.0/manufacture-reporting', u'/home/odoo/10.0/margin-analysis', u'/home/odoo/10.0/mgmtsystem', u'/home/odoo/10.0/multi-company', u'/home/odoo/10.0/operating-unit', u'/home/odoo/10.0/partner-contact', u'/home/odoo/10.0/pos', u'/home/odoo/10.0/product-attribute', u'/home/odoo/10.0/product-kitting', u'/home/odoo/10.0/product-variant', u'/home/odoo/10.0/profiles', u'/home/odoo/10.0/project', u'/home/odoo/10.0/project-agile', u'/home/odoo/10.0/project-reporting', u'/home/odoo/10.0/purchase-reporting', u'/home/odoo/10.0/purchase-workflow', u'/home/odoo/10.0/queue', u'/home/odoo/10.0/report-print-send', u'/home/odoo/10.0/reporting-engine', u'/home/odoo/10.0/rma', u'/home/odoo/10.0/sale-financial', u'/home/odoo/10.0/sale-reporting', u'/home/odoo/10.0/sale-workflow', u'/home/odoo/10.0/search-engine', u'/home/odoo/10.0/server-auth', u'/home/odoo/10.0/server-tools', u'/home/odoo/10.0/server-ux', u'/home/odoo/10.0/social', u'/home/odoo/10.0/stock-logistics-barcode', u'/home/odoo/10.0/stock-logistics-reporting', u'/home/odoo/10.0/stock-logistics-tracking', u'/home/odoo/10.0/stock-logistics-transport', u'/home/odoo/10.0/stock-logistics-warehouse', u'/home/odoo/10.0/stock-logistics-workflow', u'/home/odoo/10.0/storage', u'/home/odoo/10.0/timesheet', u'/home/odoo/10.0/uncovered', u'/home/odoo/10.0/web', u'/home/odoo/10.0/webhook', u'/home/odoo/10.0/webkit-tools', u'/home/odoo/10.0/website', u'/home/odoo/10.0/website-cms', u'/home/odoo/10.0/wms', u'/home/odoo/10.0/zerobug-test']
2023-06-30 18:07:31,830 2003198 INFO ? odoo: database: odoo10@localhost:default
2023-06-30 18:07:31,847 2003198 INFO ? odoo.service.server: HTTP service (werkzeug) running on nb200z0.:59301
2023-06-30 18:07:31,864 2003198 INFO test_test_testenv_10 odoo.modules.loading: loading 1 modules...
2023-06-30 18:07:31,945 2003198 INFO test_test_testenv_10 odoo.modules.loading: 1 modules loaded in 0.08s, 0 queries
2023-06-30 18:07:32,886 2003198 INFO test_test_testenv_10 odoo.modules.loading: loading 34 modules...
2023-06-30 18:07:32,980 2003198 INFO test_test_testenv_10 odoo.addons.report.models.report: Will use the Wkhtmltopdf binary at /home/odoo/10.0/venv_odoo/bin/wkhtmltopdf
2023-06-30 18:07:33,097 2003198 INFO test_test_testenv_10 odoo.modules.loading: 34 modules loaded in 0.21s, 0 queries
2023-06-30 18:07:33,108 2003198 INFO test_test_testenv_10 odoo.modules.loading: loading 35 modules...
2023-06-30 18:07:33,443 2003198 INFO test_test_testenv_10 odoo.modules.registry: module test_testenv: creating or updating database tables
2023-06-30 18:07:33,772 2003198 INFO test_test_testenv_10 odoo.addons.auth_crypt.models.res_users: Hashing passwords, may be slow for databases with many users...
2023-06-30 18:07:33,908 2003198 INFO test_test_testenv_10 odoo.modules.loading: loading test_testenv/security/ir.model.access.csv
2023-06-30 18:07:33,950 2003198 INFO test_test_testenv_10 odoo.modules.loading: loading test_testenv/views/testenv_model_view.xml
2023-06-30 18:07:34,077 2003198 INFO test_test_testenv_10 odoo.modules.loading: loading test_testenv/wizard/wizard_example_menu.xml
2023-06-30 18:07:34,583 2003198 INFO test_test_testenv_10 odoo.modules.module: odoo.addons.test_testenv.tests.test_testenv running tests.
2023-06-30 18:07:34,584 2003198 INFO test_test_testenv_10 odoo.addons.test_testenv.tests.test_testenv: test_mytest (odoo.addons.test_testenv.tests.test_testenv.MyTest)
2023-06-30 18:07:34,603 2003198 INFO test_test_testenv_10 odoo.addons.test_testenv.tests.test_testenv: Please, ignore field <...> does not exist in <...>
2023-06-30 18:07:34,705 2003198 INFO test_test_testenv_10 odoo.addons.test_testenv.tests.test_testenv: Now, all warning & messages are valid!
2023-06-30 18:07:34,807 2003198 INFO test_test_testenv_10 odoo.addons.test_testenv.tests.testenv: ‚ö† Invalid search keys for model account.payment.term
2023-06-30 18:07:34,807 2003198 INFO test_test_testenv_10 odoo.addons.test_testenv.tests.testenv: ‚ö† External reference z0bug.payment_2 not found
2023-06-30 18:07:34,811 2003198 INFO test_test_testenv_10 odoo.addons.test_testenv.tests.testenv: ‚ö† Invalid search keys for model account.fiscal.position
2023-06-30 18:07:34,811 2003198 INFO test_test_testenv_10 odoo.addons.test_testenv.tests.testenv: ‚ö† External reference z0bug.fiscalpos_it not found
2023-06-30 18:07:34,812 2003198 INFO test_test_testenv_10 odoo.addons.test_testenv.tests.testenv: ‚ö† Invalid value it_IT
2023-06-30 18:07:35,215 2003198 INFO test_test_testenv_10 odoo.addons.test_testenv.tests.testenv: ‚ö† xref 'z0bug.mycompany' -> 'base.main_company'
2023-06-30 18:07:35,216 2003198 INFO test_test_testenv_10 odoo.addons.test_testenv.tests.testenv: ‚ö† xref 'z0bug.partner_mycompany' -> 'base.main_partner'
2023-06-30 18:07:35,234 2003198 INFO test_test_testenv_10 odoo.addons.test_testenv.tests.testenv: üé∫üé∫üé∫ Starting test v2.0.9 (debug_level=0)
2023-06-30 18:07:35,239 2003198 INFO test_test_testenv_10 odoo.addons.test_testenv.tests.testenv: üé∫üé∫ Testing module: test_testenv (10.0.2.0.9)
2023-06-30 18:07:35,241 2003198 INFO test_test_testenv_10 odoo.addons.test_testenv.tests.testenv: ‚ö† product.product[type]: 'product' -> 'consu'
2023-06-30 18:07:35,242 2003198 INFO test_test_testenv_10 odoo.addons.test_testenv.tests.testenv: ‚ö† product.template[type]: 'product' -> 'consu'
2023-06-30 18:07:35,242 2003198 INFO test_test_testenv_10 odoo.addons.test_testenv.tests.testenv: ‚ö† account.payment.term.line._cvt_account_payment_term_line(all)
2023-06-30 18:07:35,599 2003198 INFO test_test_testenv_10 odoo.addons.test_testenv.tests.testenv: ‚ö† Invalid search keys for model account.account
2023-06-30 18:07:35,600 2003198 INFO test_test_testenv_10 odoo.addons.test_testenv.tests.testenv: ‚ö† External reference z0bug.coa_sale not found
2023-06-30 18:07:35,794 2003198 INFO test_test_testenv_10 odoo.addons.test_testenv.tests.testenv: xref ('product.template') 'z0bug.product_template_1' -> ('product.product') 'z0bug.product_product_1'
2023-06-30 18:07:35,804 2003198 INFO test_test_testenv_10 odoo.addons.test_testenv.tests.testenv: ‚ö† Invalid search keys for model account.account
2023-06-30 18:07:35,804 2003198 INFO test_test_testenv_10 odoo.addons.test_testenv.tests.testenv: ‚ö† External reference z0bug.coa_sale not found
2023-06-30 18:07:35,979 2003198 INFO test_test_testenv_10 odoo.addons.test_testenv.tests.testenv: xref ('product.template') 'z0bug.product_template_18' -> ('product.product') 'z0bug.product_product_18'
2023-06-30 18:07:35,990 2003198 INFO test_test_testenv_10 odoo.addons.test_testenv.tests.testenv: ‚ö† Invalid search keys for model account.account
2023-06-30 18:07:35,990 2003198 INFO test_test_testenv_10 odoo.addons.test_testenv.tests.testenv: ‚ö† External reference z0bug.coa_sale not found
2023-06-30 18:07:36,177 2003198 INFO test_test_testenv_10 odoo.addons.test_testenv.tests.testenv: xref ('product.template') 'z0bug.product_template_2' -> ('product.product') 'z0bug.product_product_2'
2023-06-30 18:07:36,189 2003198 INFO test_test_testenv_10 odoo.addons.test_testenv.tests.testenv: ‚ö† Invalid search keys for model account.account
2023-06-30 18:07:36,189 2003198 INFO test_test_testenv_10 odoo.addons.test_testenv.tests.testenv: ‚ö† External reference z0bug.coa_sale2 not found
2023-06-30 18:07:36,412 2003198 INFO test_test_testenv_10 odoo.addons.test_testenv.tests.testenv: xref ('product.template') 'z0bug.product_template_23' -> ('product.product') 'z0bug.product_product_23'
2023-06-30 18:07:36,713 2003198 INFO test_test_testenv_10 odoo.addons.test_testenv.tests.testenv: üé∫üé∫üé∫ Starting test v2.0.9 (debug_level=0)
2023-06-30 18:07:36,714 2003198 INFO test_test_testenv_10 odoo.addons.test_testenv.tests.testenv: üé∫üé∫ Testing module: test_testenv (10.0.2.0.9)
2023-06-30 18:07:36,715 2003198 INFO test_test_testenv_10 odoo.addons.test_testenv.tests.testenv: ‚ö† product.product[type]: 'product' -> 'consu'
2023-06-30 18:07:36,716 2003198 INFO test_test_testenv_10 odoo.addons.test_testenv.tests.testenv: ‚ö† product.template[type]: 'product' -> 'consu'
2023-06-30 18:07:36,717 2003198 INFO test_test_testenv_10 odoo.addons.test_testenv.tests.testenv: ‚ö† account.payment.term.line._cvt_account_payment_term_line(all)
2023-06-30 18:07:36,726 2003198 INFO test_test_testenv_10 odoo.addons.test_testenv.tests.testenv: ‚ö† Parent xref z0bug.payment_term_1 not found for account.payment.term.line
2023-06-30 18:07:36,756 2003198 INFO test_test_testenv_10 odoo.addons.test_testenv.tests.testenv: ‚ö† Parent xref z0bug.payment_term_2 not found for account.payment.term.line
2023-06-30 18:07:36,764 2003198 INFO test_test_testenv_10 odoo.addons.test_testenv.tests.testenv: ‚ö† Parent xref z0bug.payment_term_2 not found for account.payment.term.line
2023-06-30 18:07:36,843 2003198 INFO test_test_testenv_10 odoo.addons.test_testenv.tests.testenv: ‚ö† Invalid search keys for model res.country
2023-06-30 18:07:36,843 2003198 INFO test_test_testenv_10 odoo.addons.test_testenv.tests.testenv: ‚ö† External reference external.110 not found
2023-06-30 18:07:36,846 2003198 INFO test_test_testenv_10 odoo.addons.test_testenv.tests.test_testenv: üé∫ Testing test_currency_2many()
2023-06-30 18:07:37,052 2003198 INFO test_test_testenv_10 odoo.models.unlink: User #1 deleted testenv.all.fields records with IDs: []
2023-06-30 18:07:37,080 2003198 ERROR test_test_testenv_10 odoo.addons.test_testenv.tests.test_testenv: FAIL
2023-06-30 18:07:37,080 2003198 INFO test_test_testenv_10 odoo.addons.test_testenv.tests.testenv: üèÜü•á 51 tests SUCCESSFULLY completed
2023-06-30 18:07:37,083 2003198 INFO test_test_testenv_10 odoo.addons.test_testenv.tests.test_testenv: ======================================================================
2023-06-30 18:07:37,083 2003198 ERROR test_test_testenv_10 odoo.addons.test_testenv.tests.test_testenv: FAIL: test_mytest (odoo.addons.test_testenv.tests.test_testenv.MyTest)
2023-06-30 18:07:37,083 2003198 ERROR test_test_testenv_10 odoo.addons.test_testenv.tests.test_testenv: Traceback (most recent call last):
2023-06-30 18:07:37,083 2003198 ERROR test_test_testenv_10 odoo.addons.test_testenv.tests.test_testenv: `   File "/home/odoo/10.0/zerobug-test/test_testenv/tests/test_testenv.py", line 1299, in test_mytest
2023-06-30 18:07:37,083 2003198 ERROR test_test_testenv_10 odoo.addons.test_testenv.tests.test_testenv: `     self._test_testenv_all_fields()
2023-06-30 18:07:37,083 2003198 ERROR test_test_testenv_10 odoo.addons.test_testenv.tests.test_testenv: `   File "/home/odoo/10.0/zerobug-test/test_testenv/tests/test_testenv.py", line 1098, in _test_testenv_all_fields
2023-06-30 18:07:37,083 2003198 ERROR test_test_testenv_10 odoo.addons.test_testenv.tests.test_testenv: `     self.assertEqual(record.partner_ids, res)
2023-06-30 18:07:37,083 2003198 ERROR test_test_testenv_10 odoo.addons.test_testenv.tests.test_testenv: `   File "/home/odoo/10.0/zerobug-test/test_testenv/tests/testenv.py", line 348, in assertEqual
2023-06-30 18:07:37,083 2003198 ERROR test_test_testenv_10 odoo.addons.test_testenv.tests.test_testenv: `     return super(MainTest, self).assertEqual(first, second, msg=msg)
2023-06-30 18:07:37,083 2003198 ERROR test_test_testenv_10 odoo.addons.test_testenv.tests.test_testenv: ` AssertionError: res.partner(45,) != res.partner(46, 45)
2023-06-30 18:07:37,083 2003198 INFO test_test_testenv_10 odoo.addons.test_testenv.tests.test_testenv: Ran 1 test in 2.499s
2023-06-30 18:07:37,084 2003198 ERROR test_test_testenv_10 odoo.addons.test_testenv.tests.test_testenv: FAILED
2023-06-30 18:07:37,084 2003198 INFO test_test_testenv_10 odoo.addons.test_testenv.tests.test_testenv:  (failures=1)
2023-06-30 18:07:37,084 2003198 ERROR test_test_testenv_10 odoo.modules.module: Module test_testenv: 1 failures, 0 errors
2023-06-30 18:07:37,109 2003198 INFO test_test_testenv_10 odoo.modules.loading: 35 modules loaded in 4.00s, 2420 queries
2023-06-30 18:07:37,734 2003198 ERROR test_test_testenv_10 odoo.modules.loading: At least one test failed when loading the modules.
2023-06-30 18:07:37,742 2003198 INFO test_test_testenv_10 odoo.modules.loading: All post-tested in 0.00s, 0 queries
2023-06-30 18:07:37,743 2003198 INFO test_test_testenv_10 odoo.models: Computing parent left and right for table ir_ui_menu...
2023-06-30 18:07:37,898 2003198 INFO test_test_testenv_10 odoo.modules.registry: Registry changed, signaling through the database
2023-06-30 18:07:37,900 2003198 INFO test_test_testenv_10 odoo.service.server: Initiating shutdown
2023-06-30 18:07:37,900 2003198 INFO test_test_testenv_10 odoo.service.server: Hit CTRL-C again or send a second signal to force the shutdown.

+===================================================================
| please test [36mtest_testenv[0m (10.0): [31mFAILED![0m
+===================================================================

Name                                                      Stmts   Miss  Cover   Missing
---------------------------------------------------------------------------------------
zerobug-test/test_testenv/models/testenv_model.py            37      0   100%
zerobug-test/test_testenv/tests/test_testenv.py             327    152    54%   747-771, 782-823, 828-843, 850-867, 873-889, 898-942, 945-983, 986-1014, 1017-1023, 1099-1123, 1134-1188, 1191-1242, 1245-1288, 1300-1312
zerobug-test/test_testenv/tests/testenv.py                 1200    396    67%   351-352, 355-356, 359-360, 363-364, 367-368, 371-372, 375-376, 379-380, 383-384, 387-388, 391-392, 395-396, 399-400, 499, 594, 601, 607, 611, 617, 622, 640, 662, 669-670, 683, 727-729, 771-772, 784, 792, 805, 809, 883, 911, 921, 923, 931, 939, 964, 1012, 1089-1095, 1120-1122, 1134, 1143, 1147-1154, 1167, 1181, 1186, 1189, 1261, 1281-1283, 1320-1329, 1332-1343, 1349, 1353, 1357-1362, 1370-1371, 1375-1380, 1387, 1407-1414, 1430-1432, 1437-1457, 1460-1461, 1466-1477, 1480, 1485-1488, 1513-1601, 1640-1647, 1678-1679, 1694-1696, 1710-1717, 1744-1746, 1787, 1853, 1908-1911, 1951, 1958-1961, 2018-2019, 2034, 2037-2041, 2093-2094, 2187-2198, 2201-2219, 2453, 2516-2531, 2536-2537, 2612-2623, 2631-2654, 2664-2681, 2695-2772, 2775-2846, 2849-2885, 2911-2918
zerobug-test/test_testenv/wizard/wizard_example_menu.py      34     22    35%   34-38, 41-100, 115
---------------------------------------------------------------------------------------
TOTAL                                                      1598    570    64%
