2023-06-29 15:51:00,996 1715535 INFO ? odoo: Odoo version 10.0
2023-06-29 15:51:00,996 1715535 INFO ? odoo: Using configuration file at /home/odoo/10.0/zerobug-test/test_testenv/tests/logs/zero10.zerobug-test.test_testenv.conf
2023-06-29 15:51:00,996 1715535 INFO ? odoo: addons paths: ['/home/odoo/.local/share/Odoo10/addons/10.0', u'/home/odoo/10.0/odoo/addons', u'/home/odoo/10.0/addons', u'/home/odoo/10.0/account-analytic', u'/home/odoo/10.0/account-budgeting', u'/home/odoo/10.0/account-closing', u'/home/odoo/10.0/account-consolidation', u'/home/odoo/10.0/account-financial-reporting', u'/home/odoo/10.0/account-financial-tools', u'/home/odoo/10.0/account-fiscal-rule', u'/home/odoo/10.0/account-invoice-reporting', u'/home/odoo/10.0/account-invoicing', u'/home/odoo/10.0/account-payment', u'/home/odoo/10.0/account-reconcile', u'/home/odoo/10.0/apps-store', u'/home/odoo/10.0/bank-payment', u'/home/odoo/10.0/bank-statement-import', u'/home/odoo/10.0/business-requirement', u'/home/odoo/10.0/calendar', u'/home/odoo/10.0/commission', u'/home/odoo/10.0/community-data-files', u'/home/odoo/10.0/connector', u'/home/odoo/10.0/contract', u'/home/odoo/10.0/credit-control', u'/home/odoo/10.0/crm', u'/home/odoo/10.0/currency', u'/home/odoo/10.0/data-protection', u'/home/odoo/10.0/delivery-carrier', u'/home/odoo/10.0/donation', u'/home/odoo/10.0/e-commerce', u'/home/odoo/10.0/edi', u'/home/odoo/10.0/event', u'/home/odoo/10.0/geospatial', u'/home/odoo/10.0/helpdesk', u'/home/odoo/10.0/hr', u'/home/odoo/10.0/infrastructure', u'/home/odoo/10.0/intrastat-extrastat', u'/home/odoo/10.0/knowledge', u'/home/odoo/10.0/l10n-italy', u'/home/odoo/10.0/l10n-italy-supplemental', u'/home/odoo/10.0/maintenance', u'/home/odoo/10.0/management-system', u'/home/odoo/10.0/manufacture', u'/home/odoo/10.0/manufacture-reporting', u'/home/odoo/10.0/margin-analysis', u'/home/odoo/10.0/mgmtsystem', u'/home/odoo/10.0/multi-company', u'/home/odoo/10.0/operating-unit', u'/home/odoo/10.0/partner-contact', u'/home/odoo/10.0/pos', u'/home/odoo/10.0/product-attribute', u'/home/odoo/10.0/product-kitting', u'/home/odoo/10.0/product-variant', u'/home/odoo/10.0/profiles', u'/home/odoo/10.0/project', u'/home/odoo/10.0/project-agile', u'/home/odoo/10.0/project-reporting', u'/home/odoo/10.0/purchase-reporting', u'/home/odoo/10.0/purchase-workflow', u'/home/odoo/10.0/queue', u'/home/odoo/10.0/report-print-send', u'/home/odoo/10.0/reporting-engine', u'/home/odoo/10.0/rma', u'/home/odoo/10.0/sale-financial', u'/home/odoo/10.0/sale-reporting', u'/home/odoo/10.0/sale-workflow', u'/home/odoo/10.0/search-engine', u'/home/odoo/10.0/server-auth', u'/home/odoo/10.0/server-tools', u'/home/odoo/10.0/server-ux', u'/home/odoo/10.0/social', u'/home/odoo/10.0/stock-logistics-barcode', u'/home/odoo/10.0/stock-logistics-reporting', u'/home/odoo/10.0/stock-logistics-tracking', u'/home/odoo/10.0/stock-logistics-transport', u'/home/odoo/10.0/stock-logistics-warehouse', u'/home/odoo/10.0/stock-logistics-workflow', u'/home/odoo/10.0/storage', u'/home/odoo/10.0/timesheet', u'/home/odoo/10.0/uncovered', u'/home/odoo/10.0/web', u'/home/odoo/10.0/webhook', u'/home/odoo/10.0/webkit-tools', u'/home/odoo/10.0/website', u'/home/odoo/10.0/website-cms', u'/home/odoo/10.0/wms', u'/home/odoo/10.0/zerobug-test']
2023-06-29 15:51:00,996 1715535 INFO ? odoo: database: odoo10@localhost:default
2023-06-29 15:51:01,012 1715535 INFO ? odoo.service.server: HTTP service (werkzeug) running on nb200z0.:56728
2023-06-29 15:51:01,026 1715535 INFO test_test_testenv_10 odoo.modules.loading: loading 1 modules...
2023-06-29 15:51:01,109 1715535 INFO test_test_testenv_10 odoo.modules.loading: 1 modules loaded in 0.08s, 0 queries
2023-06-29 15:51:02,008 1715535 INFO test_test_testenv_10 odoo.modules.loading: loading 34 modules...
2023-06-29 15:51:02,111 1715535 INFO test_test_testenv_10 odoo.addons.report.models.report: Will use the Wkhtmltopdf binary at /home/odoo/10.0/venv_odoo/bin/wkhtmltopdf
2023-06-29 15:51:02,210 1715535 INFO test_test_testenv_10 odoo.modules.loading: 34 modules loaded in 0.20s, 0 queries
2023-06-29 15:51:02,217 1715535 INFO test_test_testenv_10 odoo.modules.loading: loading 35 modules...
2023-06-29 15:51:02,525 1715535 INFO test_test_testenv_10 odoo.modules.registry: module test_testenv: creating or updating database tables
2023-06-29 15:51:02,828 1715535 INFO test_test_testenv_10 odoo.addons.auth_crypt.models.res_users: Hashing passwords, may be slow for databases with many users...
2023-06-29 15:51:02,940 1715535 INFO test_test_testenv_10 odoo.modules.loading: loading test_testenv/security/ir.model.access.csv
2023-06-29 15:51:02,978 1715535 INFO test_test_testenv_10 odoo.modules.loading: loading test_testenv/views/testenv_model_view.xml
2023-06-29 15:51:03,090 1715535 INFO test_test_testenv_10 odoo.modules.loading: loading test_testenv/wizard/wizard_example_menu.xml
2023-06-29 15:51:03,764 1715535 INFO test_test_testenv_10 odoo.modules.module: odoo.addons.test_testenv.tests.test_testenv running tests.
2023-06-29 15:51:03,765 1715535 INFO test_test_testenv_10 odoo.addons.test_testenv.tests.test_testenv: test_mytest (odoo.addons.test_testenv.tests.test_testenv.MyTest)
2023-06-29 15:51:03,781 1715535 INFO test_test_testenv_10 odoo.addons.test_testenv.tests.test_testenv: Please, ignore field <...> does not exist in <...>
2023-06-29 15:51:03,882 1715535 INFO test_test_testenv_10 odoo.addons.test_testenv.tests.test_testenv: Now, all warning & messages are valid!
2023-06-29 15:51:03,968 1715535 INFO test_test_testenv_10 odoo.addons.test_testenv.tests.testenv: ‚ö† Invalid search keys for model account.payment.term
2023-06-29 15:51:03,968 1715535 INFO test_test_testenv_10 odoo.addons.test_testenv.tests.testenv: ‚ö† External reference z0bug.payment_2 not found
2023-06-29 15:51:03,971 1715535 INFO test_test_testenv_10 odoo.addons.test_testenv.tests.testenv: ‚ö† Invalid search keys for model account.fiscal.position
2023-06-29 15:51:03,971 1715535 INFO test_test_testenv_10 odoo.addons.test_testenv.tests.testenv: ‚ö† External reference z0bug.fiscalpos_it not found
2023-06-29 15:51:03,972 1715535 INFO test_test_testenv_10 odoo.addons.test_testenv.tests.testenv: ‚ö† Invalid value it_IT
2023-06-29 15:51:04,364 1715535 INFO test_test_testenv_10 odoo.addons.test_testenv.tests.testenv: ‚ö† xref 'z0bug.mycompany' -> 'base.main_company'
2023-06-29 15:51:04,365 1715535 INFO test_test_testenv_10 odoo.addons.test_testenv.tests.testenv: ‚ö† xref 'z0bug.partner_mycompany' -> 'base.main_partner'
2023-06-29 15:51:04,387 1715535 INFO test_test_testenv_10 odoo.addons.test_testenv.tests.testenv: üé∫üé∫üé∫ Starting test v2.0.9 (debug_level=0)
2023-06-29 15:51:04,392 1715535 INFO test_test_testenv_10 odoo.addons.test_testenv.tests.testenv: üé∫üé∫ Testing module: test_testenv (10.0.2.0.9)
2023-06-29 15:51:04,394 1715535 INFO test_test_testenv_10 odoo.addons.test_testenv.tests.testenv: ‚ö† product.product[type]: 'product' -> 'consu'
2023-06-29 15:51:04,394 1715535 INFO test_test_testenv_10 odoo.addons.test_testenv.tests.testenv: ‚ö† product.template[type]: 'product' -> 'consu'
2023-06-29 15:51:04,396 1715535 INFO test_test_testenv_10 odoo.addons.test_testenv.tests.testenv: ‚ö† account.payment.term.line._cvt_account_payment_term_line(all)
2023-06-29 15:51:04,762 1715535 INFO test_test_testenv_10 odoo.addons.test_testenv.tests.testenv: ‚ö† Invalid search keys for model account.account
2023-06-29 15:51:04,763 1715535 INFO test_test_testenv_10 odoo.addons.test_testenv.tests.testenv: ‚ö† External reference z0bug.coa_sale not found
2023-06-29 15:51:04,956 1715535 INFO test_test_testenv_10 odoo.addons.test_testenv.tests.testenv: xref ('product.template') 'z0bug.product_template_1' -> ('product.product') 'z0bug.product_product_1'
2023-06-29 15:51:04,966 1715535 INFO test_test_testenv_10 odoo.addons.test_testenv.tests.testenv: ‚ö† Invalid search keys for model account.account
2023-06-29 15:51:04,966 1715535 INFO test_test_testenv_10 odoo.addons.test_testenv.tests.testenv: ‚ö† External reference z0bug.coa_sale not found
2023-06-29 15:51:05,141 1715535 INFO test_test_testenv_10 odoo.addons.test_testenv.tests.testenv: xref ('product.template') 'z0bug.product_template_18' -> ('product.product') 'z0bug.product_product_18'
2023-06-29 15:51:05,150 1715535 INFO test_test_testenv_10 odoo.addons.test_testenv.tests.testenv: ‚ö† Invalid search keys for model account.account
2023-06-29 15:51:05,150 1715535 INFO test_test_testenv_10 odoo.addons.test_testenv.tests.testenv: ‚ö† External reference z0bug.coa_sale not found
2023-06-29 15:51:05,326 1715535 INFO test_test_testenv_10 odoo.addons.test_testenv.tests.testenv: xref ('product.template') 'z0bug.product_template_2' -> ('product.product') 'z0bug.product_product_2'
2023-06-29 15:51:05,335 1715535 INFO test_test_testenv_10 odoo.addons.test_testenv.tests.testenv: ‚ö† Invalid search keys for model account.account
2023-06-29 15:51:05,336 1715535 INFO test_test_testenv_10 odoo.addons.test_testenv.tests.testenv: ‚ö† External reference z0bug.coa_sale2 not found
2023-06-29 15:51:05,524 1715535 INFO test_test_testenv_10 odoo.addons.test_testenv.tests.testenv: xref ('product.template') 'z0bug.product_template_23' -> ('product.product') 'z0bug.product_product_23'
2023-06-29 15:51:05,760 1715535 INFO test_test_testenv_10 odoo.addons.test_testenv.tests.testenv: üé∫üé∫üé∫ Starting test v2.0.9 (debug_level=0)
2023-06-29 15:51:05,760 1715535 INFO test_test_testenv_10 odoo.addons.test_testenv.tests.testenv: üé∫üé∫ Testing module: test_testenv (10.0.2.0.9)
2023-06-29 15:51:05,762 1715535 INFO test_test_testenv_10 odoo.addons.test_testenv.tests.testenv: ‚ö† product.product[type]: 'product' -> 'consu'
2023-06-29 15:51:05,762 1715535 INFO test_test_testenv_10 odoo.addons.test_testenv.tests.testenv: ‚ö† product.template[type]: 'product' -> 'consu'
2023-06-29 15:51:05,762 1715535 INFO test_test_testenv_10 odoo.addons.test_testenv.tests.testenv: ‚ö† account.payment.term.line._cvt_account_payment_term_line(all)
2023-06-29 15:51:05,772 1715535 INFO test_test_testenv_10 odoo.addons.test_testenv.tests.testenv: ‚ö† Parent xref z0bug.payment_term_1 not found for account.payment.term.line
2023-06-29 15:51:05,801 1715535 INFO test_test_testenv_10 odoo.addons.test_testenv.tests.testenv: ‚ö† Parent xref z0bug.payment_term_2 not found for account.payment.term.line
2023-06-29 15:51:05,812 1715535 INFO test_test_testenv_10 odoo.addons.test_testenv.tests.testenv: ‚ö† Parent xref z0bug.payment_term_2 not found for account.payment.term.line
2023-06-29 15:51:05,881 1715535 INFO test_test_testenv_10 odoo.addons.test_testenv.tests.testenv: ‚ö† Invalid search keys for model res.country
2023-06-29 15:51:05,881 1715535 INFO test_test_testenv_10 odoo.addons.test_testenv.tests.testenv: ‚ö† External reference external.110 not found
2023-06-29 15:51:05,883 1715535 INFO test_test_testenv_10 odoo.addons.test_testenv.tests.test_testenv: üé∫ Testing test_currency_2many()
2023-06-29 15:51:05,896 1715535 INFO test_test_testenv_10 odoo.addons.test_testenv.tests.testenv: üõë Resource 'res.currency' write error 'unhashable type: 'list''
{
    "rate_ids": [
        [
            6, 
            0, 
            [
                [
                    6, 
                    0, 
                    [
                        174, 
                        175
                    ]
                ]
            ]
        ]
    ]
}
2023-06-29 15:51:05,896 1715535 ERROR test_test_testenv_10 odoo.addons.test_testenv.tests.test_testenv: ERROR
2023-06-29 15:51:05,896 1715535 INFO test_test_testenv_10 odoo.addons.test_testenv.tests.testenv: üèÜü•á 36 tests SUCCESSFULLY completed
2023-06-29 15:51:05,899 1715535 INFO test_test_testenv_10 odoo.addons.test_testenv.tests.test_testenv: ======================================================================
2023-06-29 15:51:05,899 1715535 ERROR test_test_testenv_10 odoo.addons.test_testenv.tests.test_testenv: ERROR: test_mytest (odoo.addons.test_testenv.tests.test_testenv.MyTest)
2023-06-29 15:51:05,899 1715535 ERROR test_test_testenv_10 odoo.addons.test_testenv.tests.test_testenv: Traceback (most recent call last):
2023-06-29 15:51:05,899 1715535 ERROR test_test_testenv_10 odoo.addons.test_testenv.tests.test_testenv: `   File "/home/odoo/10.0/zerobug-test/test_testenv/tests/test_testenv.py", line 1298, in test_mytest
2023-06-29 15:51:05,899 1715535 ERROR test_test_testenv_10 odoo.addons.test_testenv.tests.test_testenv: `     self._test_currency_2many()
2023-06-29 15:51:05,899 1715535 ERROR test_test_testenv_10 odoo.addons.test_testenv.tests.test_testenv: `   File "/home/odoo/10.0/zerobug-test/test_testenv/tests/test_testenv.py", line 674, in _test_currency_2many
2023-06-29 15:51:05,899 1715535 ERROR test_test_testenv_10 odoo.addons.test_testenv.tests.test_testenv: `     self.resource_browse(xref1).id,
2023-06-29 15:51:05,899 1715535 ERROR test_test_testenv_10 odoo.addons.test_testenv.tests.test_testenv: `   File "/home/odoo/10.0/zerobug-test/test_testenv/tests/testenv.py", line 2002, in resource_write
2023-06-29 15:51:05,899 1715535 ERROR test_test_testenv_10 odoo.addons.test_testenv.tests.test_testenv: `     % (resource, e, self.dict_2_print(values)))
2023-06-29 15:51:05,899 1715535 ERROR test_test_testenv_10 odoo.addons.test_testenv.tests.test_testenv: `   File "/home/odoo/10.0/zerobug-test/test_testenv/tests/testenv.py", line 328, in raise_error
2023-06-29 15:51:05,899 1715535 ERROR test_test_testenv_10 odoo.addons.test_testenv.tests.test_testenv: `     raise ValueError(mesg)
2023-06-29 15:51:05,899 1715535 ERROR test_test_testenv_10 odoo.addons.test_testenv.tests.test_testenv: ` ValueError: Resource 'res.currency' write error 'unhashable type: 'list''
2023-06-29 15:51:05,900 1715535 ERROR test_test_testenv_10 odoo.addons.test_testenv.tests.test_testenv: ` {
2023-06-29 15:51:05,900 1715535 ERROR test_test_testenv_10 odoo.addons.test_testenv.tests.test_testenv: `     "rate_ids": [
2023-06-29 15:51:05,900 1715535 ERROR test_test_testenv_10 odoo.addons.test_testenv.tests.test_testenv: `         [
2023-06-29 15:51:05,900 1715535 ERROR test_test_testenv_10 odoo.addons.test_testenv.tests.test_testenv: `             6, 
2023-06-29 15:51:05,900 1715535 ERROR test_test_testenv_10 odoo.addons.test_testenv.tests.test_testenv: `             0, 
2023-06-29 15:51:05,900 1715535 ERROR test_test_testenv_10 odoo.addons.test_testenv.tests.test_testenv: `             [
2023-06-29 15:51:05,900 1715535 ERROR test_test_testenv_10 odoo.addons.test_testenv.tests.test_testenv: `                 [
2023-06-29 15:51:05,900 1715535 ERROR test_test_testenv_10 odoo.addons.test_testenv.tests.test_testenv: `                     6, 
2023-06-29 15:51:05,900 1715535 ERROR test_test_testenv_10 odoo.addons.test_testenv.tests.test_testenv: `                     0, 
2023-06-29 15:51:05,900 1715535 ERROR test_test_testenv_10 odoo.addons.test_testenv.tests.test_testenv: `                     [
2023-06-29 15:51:05,900 1715535 ERROR test_test_testenv_10 odoo.addons.test_testenv.tests.test_testenv: `                         174, 
2023-06-29 15:51:05,900 1715535 ERROR test_test_testenv_10 odoo.addons.test_testenv.tests.test_testenv: `                         175
2023-06-29 15:51:05,900 1715535 ERROR test_test_testenv_10 odoo.addons.test_testenv.tests.test_testenv: `                     ]
2023-06-29 15:51:05,900 1715535 ERROR test_test_testenv_10 odoo.addons.test_testenv.tests.test_testenv: `                 ]
2023-06-29 15:51:05,900 1715535 ERROR test_test_testenv_10 odoo.addons.test_testenv.tests.test_testenv: `             ]
2023-06-29 15:51:05,900 1715535 ERROR test_test_testenv_10 odoo.addons.test_testenv.tests.test_testenv: `         ]
2023-06-29 15:51:05,900 1715535 ERROR test_test_testenv_10 odoo.addons.test_testenv.tests.test_testenv: `     ]
2023-06-29 15:51:05,901 1715535 ERROR test_test_testenv_10 odoo.addons.test_testenv.tests.test_testenv: ` }
2023-06-29 15:51:05,901 1715535 INFO test_test_testenv_10 odoo.addons.test_testenv.tests.test_testenv: Ran 1 test in 2.135s
2023-06-29 15:51:05,901 1715535 ERROR test_test_testenv_10 odoo.addons.test_testenv.tests.test_testenv: FAILED
2023-06-29 15:51:05,901 1715535 INFO test_test_testenv_10 odoo.addons.test_testenv.tests.test_testenv:  (errors=1)
2023-06-29 15:51:05,901 1715535 ERROR test_test_testenv_10 odoo.modules.module: Module test_testenv: 0 failures, 1 errors
2023-06-29 15:51:05,918 1715535 INFO test_test_testenv_10 odoo.modules.loading: 35 modules loaded in 3.70s, 2259 queries
2023-06-29 15:51:06,372 1715535 ERROR test_test_testenv_10 odoo.modules.loading: At least one test failed when loading the modules.
2023-06-29 15:51:06,378 1715535 INFO test_test_testenv_10 odoo.modules.loading: All post-tested in 0.00s, 0 queries
2023-06-29 15:51:06,380 1715535 INFO test_test_testenv_10 odoo.models: Computing parent left and right for table ir_ui_menu...
2023-06-29 15:51:06,438 1715535 INFO test_test_testenv_10 odoo.modules.registry: Registry changed, signaling through the database
2023-06-29 15:51:06,439 1715535 INFO test_test_testenv_10 odoo.service.server: Initiating shutdown
2023-06-29 15:51:06,439 1715535 INFO test_test_testenv_10 odoo.service.server: Hit CTRL-C again or send a second signal to force the shutdown.

+===================================================================
| please test [36mtest_testenv[0m (10.0): [31mFAILED![0m
+===================================================================

Name                                                      Stmts   Miss  Cover   Missing
---------------------------------------------------------------------------------------
zerobug-test/test_testenv/models/testenv_model.py            37      7    81%   23, 26, 29, 32, 35, 38, 41
zerobug-test/test_testenv/tests/test_testenv.py             327    189    42%   681-744, 747-771, 782-823, 828-843, 850-867, 873-889, 898-942, 945-983, 986-1014, 1017-1023, 1026-1123, 1134-1188, 1191-1242, 1245-1288, 1299-1312
zerobug-test/test_testenv/tests/testenv.py                 1188    499    58%   351-352, 355-356, 359-360, 363-364, 367-368, 371-372, 375-376, 379-380, 383-384, 387-388, 391-392, 395-396, 399-400, 499, 584, 594, 601, 607, 611-614, 617, 622, 640, 662, 669-670, 683, 727-729, 771-772, 784, 792-798, 805-806, 809-810, 874, 883, 893, 911-912, 921-926, 930-936, 939-940, 964, 1012-1016, 1056, 1058, 1074-1079, 1101-1103, 1114, 1118-1125, 1138, 1152-1157, 1160-1161, 1224, 1233-1249, 1253-1264, 1283-1292, 1295-1306, 1310-1335, 1338-1343, 1347-1356, 1361-1420, 1423-1424, 1429-1440, 1443-1452, 1476-1564, 1603-1610, 1635-1660, 1673-1680, 1707-1709, 1750, 1816, 1871-1874, 1914, 1921-1924, 1981-1982, 1997, 2004, 2056-2057, 2150-2161, 2164-2182, 2385-2413, 2416-2429, 2479-2494, 2499-2500, 2575-2586, 2594-2617, 2627-2644, 2658-2735, 2738-2809, 2812-2848, 2874-2881
zerobug-test/test_testenv/wizard/wizard_example_menu.py      34     22    35%   34-38, 41-100, 115
---------------------------------------------------------------------------------------
TOTAL                                                      1586    717    55%
