2023-06-28 19:13:02,584 2898927 INFO ? odoo: Odoo version 12.0 
2023-06-28 19:13:02,584 2898927 INFO ? odoo: Using configuration file at /home/odoo/12.0/zerobug-test/test_testenv/tests/logs/zero12.zerobug-test.test_testenv.conf 
2023-06-28 19:13:02,584 2898927 INFO ? odoo: addons paths: ['/home/odoo/.local/share/Odoo12/addons/12.0', '/home/odoo/12.0/odoo/addons', '/home/odoo/12.0/addons', '/home/odoo/.local/share/Odoo12/addons', '/home/odoo/12.0/account-analytic', '/home/odoo/12.0/account-budgeting', '/home/odoo/12.0/account-closing', '/home/odoo/12.0/account-consolidation', '/home/odoo/12.0/account-financial-reporting', '/home/odoo/12.0/account-financial-tools', '/home/odoo/12.0/account-fiscal-rule', '/home/odoo/12.0/account-invoice-reporting', '/home/odoo/12.0/account-invoicing', '/home/odoo/12.0/account-payment', '/home/odoo/12.0/account-reconcile', '/home/odoo/12.0/apps-store', '/home/odoo/12.0/bank-payment', '/home/odoo/12.0/bank-statement-import', '/home/odoo/12.0/brand', '/home/odoo/12.0/business-requirement', '/home/odoo/12.0/calendar', '/home/odoo/12.0/commission', '/home/odoo/12.0/community-data-files', '/home/odoo/12.0/connector', '/home/odoo/12.0/contract', '/home/odoo/12.0/credit-control', '/home/odoo/12.0/crm', '/home/odoo/12.0/currency', '/home/odoo/12.0/data-protection', '/home/odoo/12.0/delivery-carrier', '/home/odoo/12.0/dms', '/home/odoo/12.0/e-commerce', '/home/odoo/12.0/edi', '/home/odoo/12.0/geospatial', '/home/odoo/12.0/helpdesk', '/home/odoo/12.0/hr', '/home/odoo/12.0/intrastat-extrastat', '/home/odoo/12.0/iot', '/home/odoo/12.0/knowledge', '/home/odoo/12.0/l10n-italy', '/home/odoo/12.0/l10n-italy-supplemental', '/home/odoo/12.0/maintenance', '/home/odoo/12.0/mgmtsystem', '/home/odoo/12.0/manufacture', '/home/odoo/12.0/manufacture-reporting', '/home/odoo/12.0/margin-analysis', '/home/odoo/12.0/mis-builder', '/home/odoo/12.0/mis-builder-contrib', '/home/odoo/12.0/multi-company', '/home/odoo/12.0/partner-contact', '/home/odoo/12.0/pos', '/home/odoo/12.0/product-attribute', '/home/odoo/12.0/product-pack', '/home/odoo/12.0/product-variant', '/home/odoo/12.0/profiles', '/home/odoo/12.0/project', '/home/odoo/12.0/project-agile', '/home/odoo/12.0/project-reporting', '/home/odoo/12.0/purchase-reporting', '/home/odoo/12.0/purchase-workflow', '/home/odoo/12.0/queue', '/home/odoo/12.0/report-print-send', '/home/odoo/12.0/reporting-engine', '/home/odoo/12.0/rma', '/home/odoo/12.0/sale-reporting', '/home/odoo/12.0/sale-workflow', '/home/odoo/12.0/search-engine', '/home/odoo/12.0/server-auth', '/home/odoo/12.0/server-backend', '/home/odoo/12.0/server-brand', '/home/odoo/12.0/server-env', '/home/odoo/12.0/server-tools', '/home/odoo/12.0/server-ux', '/home/odoo/12.0/social', '/home/odoo/12.0/stock-logistics-barcode', '/home/odoo/12.0/stock-logistics-reporting', '/home/odoo/12.0/stock-logistics-transport', '/home/odoo/12.0/stock-logistics-warehouse', '/home/odoo/12.0/stock-logistics-workflow', '/home/odoo/12.0/storage', '/home/odoo/12.0/timesheet', '/home/odoo/12.0/uncovered', '/home/odoo/12.0/web', '/home/odoo/12.0/website', '/home/odoo/12.0/wms', '/home/odoo/12.0/zerobug-test', '/home/odoo/12.0/venv_odoo/lib/python3.7/site-packages/odoo/addons'] 
2023-06-28 19:13:02,585 2898927 INFO ? odoo: database: odoo12@localhost:default 
2023-06-28 19:13:02,618 2898927 INFO ? odoo.addons.server_environment.serv_config: not using server_environment_files for configuration, no directory found 
2023-06-28 19:13:02,620 2898927 INFO ? odoo.addons.server_environment.serv_config: `running_env` not found. Using default = `test`. 
2023-06-28 19:13:02,620 2898927 INFO ? odoo.addons.server_environment.serv_config: We strongly recommend against using the rc file but instead use an explicit config file or env variable. 
2023-06-28 19:13:02,780 2898927 INFO ? odoo.addons.base.models.ir_actions_report: Will use the Wkhtmltopdf binary at /usr/local/bin/wkhtmltopdf 
2023-06-28 19:13:02,970 2898927 INFO ? odoo.service.server: HTTP service (werkzeug) running on nb200z0.:28467 
2023-06-28 19:13:02,985 2898927 INFO test_odoo_12 odoo.modules.loading: loading 1 modules... 
2023-06-28 19:13:03,000 2898927 INFO test_odoo_12 odoo.modules.loading: 1 modules loaded in 0.01s, 0 queries 
2023-06-28 19:13:03,241 2898927 INFO test_odoo_12 odoo.modules.loading: updating modules list 
2023-06-28 19:13:03,244 2898927 INFO test_odoo_12 odoo.addons.base.models.ir_module: ALLOW access to module.update_list on [] to user __system__ #1 via n/a 
2023-06-28 19:13:15,476 2898927 INFO test_odoo_12 odoo.addons.base.models.ir_module: ALLOW access to module.button_install on ['test_testenv'] to user __system__ #1 via n/a 
2023-06-28 19:13:15,897 2898927 INFO test_odoo_12 odoo.modules.loading: loading 38 modules... 
2023-06-28 19:13:16,343 2898927 INFO test_odoo_12 odoo.modules.loading: 38 modules loaded in 0.44s, 0 queries 
2023-06-28 19:13:16,354 2898927 INFO test_odoo_12 odoo.modules.loading: loading 39 modules... 
2023-06-28 19:13:17,008 2898927 WARNING test_odoo_12 odoo.models: The model testenv.all.fields has no _description 
2023-06-28 19:13:17,219 2898927 INFO test_odoo_12 odoo.modules.registry: module test_testenv: creating or updating database tables 
2023-06-28 19:13:17,434 2898927 WARNING test_odoo_12 odoo.addons.base.models.ir_model: Two fields (measure, amount) of testenv.all.fields() have the same label: Amount. 
2023-06-28 19:13:17,540 2898927 INFO test_odoo_12 odoo.modules.loading: loading test_testenv/security/ir.model.access.csv 
2023-06-28 19:13:17,585 2898927 INFO test_odoo_12 odoo.modules.loading: loading test_testenv/views/testenv_model_view.xml 
2023-06-28 19:13:17,679 2898927 INFO test_odoo_12 odoo.modules.loading: loading test_testenv/wizard/wizard_example_menu.xml 
2023-06-28 19:13:17,763 2898927 INFO test_odoo_12 odoo.modules.loading: Module test_testenv: loading demo 
2023-06-28 19:13:18,478 2898927 INFO test_odoo_12 odoo.modules.module: odoo.addons.test_testenv.tests.test_testenv running tests. 
2023-06-28 19:13:18,480 2898927 INFO test_odoo_12 odoo.addons.test_testenv.tests.test_testenv: test_mytest (odoo.addons.test_testenv.tests.test_testenv.MyTest) 
2023-06-28 19:13:18,502 2898927 INFO test_odoo_12 odoo.addons.test_testenv.tests.test_testenv: Please, ignore field <...> does not exist in <...> 
2023-06-28 19:13:18,649 2898927 INFO test_odoo_12 odoo.addons.test_testenv.tests.test_testenv: Now, all warning & messages are valid! 
2023-06-28 19:13:18,783 2898927 INFO test_odoo_12 odoo.addons.test_testenv.tests.testenv: ‚ö† Invalid search keys for model account.fiscal.position 
2023-06-28 19:13:18,783 2898927 INFO test_odoo_12 odoo.addons.test_testenv.tests.testenv: ‚ö† External reference z0bug.fiscalpos_it not found 
2023-06-28 19:13:18,794 2898927 INFO test_odoo_12 odoo.addons.test_testenv.tests.testenv: ‚ö† Invalid search keys for model account.payment.term 
2023-06-28 19:13:18,794 2898927 INFO test_odoo_12 odoo.addons.test_testenv.tests.testenv: ‚ö† External reference z0bug.payment_2 not found 
2023-06-28 19:13:18,795 2898927 INFO test_odoo_12 odoo.addons.test_testenv.tests.testenv: ‚ö† Invalid value it_IT 
2023-06-28 19:13:18,921 2898927 INFO test_odoo_12 odoo.addons.test_testenv.tests.testenv: üõë Resource 'res.currency' write error 'cannot convert dictionary update sequence element #0 to a sequence'
{
    "active": true,
    "rate_ids": [
        [
            0,
            0,
            [
                0,
                0,
                {
                    "currency_id": 1,
                    "name": "[...]",
                    "rate": 0.9
                }
            ]
        ],
        [
            0,
            0,
            [
                0,
                0,
                {
                    "currency_id": 1,
                    "name": "[...]",
                    "rate": 0.95
                }
            ]
        ]
    ]
} 
2023-06-28 19:13:18,921 2898927 INFO test_odoo_12 odoo.addons.test_testenv.tests.testenv: üèÜü•á 37 tests SUCCESSFULLY completed 
2023-06-28 19:13:18,927 2898927 INFO test_odoo_12 odoo.addons.test_testenv.tests.test_testenv: ‚ú® Test data committed 
2023-06-28 19:13:18,929 2898927 ERROR test_odoo_12 odoo.addons.test_testenv.tests.test_testenv: ERROR 
2023-06-28 19:13:18,931 2898927 INFO test_odoo_12 odoo.addons.test_testenv.tests.test_testenv: ====================================================================== 
2023-06-28 19:13:18,931 2898927 ERROR test_odoo_12 odoo.addons.test_testenv.tests.test_testenv: ERROR: test_mytest (odoo.addons.test_testenv.tests.test_testenv.MyTest) 
2023-06-28 19:13:18,931 2898927 ERROR test_odoo_12 odoo.addons.test_testenv.tests.test_testenv: Traceback (most recent call last): 
2023-06-28 19:13:18,931 2898927 ERROR test_odoo_12 odoo.addons.test_testenv.tests.test_testenv: `   File "/home/odoo/12.0/zerobug-test/test_testenv/tests/testenv.py", line 2000, in resource_write 
2023-06-28 19:13:18,931 2898927 ERROR test_odoo_12 odoo.addons.test_testenv.tests.test_testenv: `     record.write(values) 
2023-06-28 19:13:18,931 2898927 ERROR test_odoo_12 odoo.addons.test_testenv.tests.test_testenv: `   File "/home/odoo/12.0/odoo/models.py", line 3366, in write 
2023-06-28 19:13:18,931 2898927 ERROR test_odoo_12 odoo.addons.test_testenv.tests.test_testenv: `     self._write(store_vals) 
2023-06-28 19:13:18,931 2898927 ERROR test_odoo_12 odoo.addons.test_testenv.tests.test_testenv: `   File "/home/odoo/12.0/odoo/models.py", line 3496, in _write 
2023-06-28 19:13:18,931 2898927 ERROR test_odoo_12 odoo.addons.test_testenv.tests.test_testenv: `     field.write(other, vals[field.name]) 
2023-06-28 19:13:18,931 2898927 ERROR test_odoo_12 odoo.addons.test_testenv.tests.test_testenv: `   File "/home/odoo/12.0/odoo/fields.py", line 2604, in write 
2023-06-28 19:13:18,931 2898927 ERROR test_odoo_12 odoo.addons.test_testenv.tests.test_testenv: `     vals_list.append(dict(act[2], **{inverse: record.id})) 
2023-06-28 19:13:18,932 2898927 ERROR test_odoo_12 odoo.addons.test_testenv.tests.test_testenv: ` TypeError: cannot convert dictionary update sequence element #0 to a sequence 
2023-06-28 19:13:18,932 2898927 ERROR test_odoo_12 odoo.addons.test_testenv.tests.test_testenv: `  
2023-06-28 19:13:18,932 2898927 ERROR test_odoo_12 odoo.addons.test_testenv.tests.test_testenv: ` During handling of the above exception, another exception occurred: 
2023-06-28 19:13:18,932 2898927 ERROR test_odoo_12 odoo.addons.test_testenv.tests.test_testenv: `  
2023-06-28 19:13:18,932 2898927 ERROR test_odoo_12 odoo.addons.test_testenv.tests.test_testenv: ` Traceback (most recent call last): 
2023-06-28 19:13:18,932 2898927 ERROR test_odoo_12 odoo.addons.test_testenv.tests.test_testenv: `   File "/home/odoo/12.0/zerobug-test/test_testenv/tests/test_testenv.py", line 1296, in test_mytest 
2023-06-28 19:13:18,932 2898927 ERROR test_odoo_12 odoo.addons.test_testenv.tests.test_testenv: `     self._test_04() 
2023-06-28 19:13:18,932 2898927 ERROR test_odoo_12 odoo.addons.test_testenv.tests.test_testenv: `   File "/home/odoo/12.0/zerobug-test/test_testenv/tests/test_testenv.py", line 542, in _test_04 
2023-06-28 19:13:18,932 2898927 ERROR test_odoo_12 odoo.addons.test_testenv.tests.test_testenv: `     self.resource_write(model, "base.EUR", {"active": True}) 
2023-06-28 19:13:18,932 2898927 ERROR test_odoo_12 odoo.addons.test_testenv.tests.test_testenv: `   File "/home/odoo/12.0/zerobug-test/test_testenv/tests/testenv.py", line 2003, in resource_write 
2023-06-28 19:13:18,932 2898927 ERROR test_odoo_12 odoo.addons.test_testenv.tests.test_testenv: `     % (resource, e, self.dict_2_print(values))) 
2023-06-28 19:13:18,932 2898927 ERROR test_odoo_12 odoo.addons.test_testenv.tests.test_testenv: `   File "/home/odoo/12.0/zerobug-test/test_testenv/tests/testenv.py", line 328, in raise_error 
2023-06-28 19:13:18,932 2898927 ERROR test_odoo_12 odoo.addons.test_testenv.tests.test_testenv: `     raise ValueError(mesg) 
2023-06-28 19:13:18,932 2898927 ERROR test_odoo_12 odoo.addons.test_testenv.tests.test_testenv: ` ValueError: Resource 'res.currency' write error 'cannot convert dictionary update sequence element #0 to a sequence' 
2023-06-28 19:13:18,932 2898927 ERROR test_odoo_12 odoo.addons.test_testenv.tests.test_testenv: ` { 
2023-06-28 19:13:18,932 2898927 ERROR test_odoo_12 odoo.addons.test_testenv.tests.test_testenv: `     "active": true, 
2023-06-28 19:13:18,933 2898927 ERROR test_odoo_12 odoo.addons.test_testenv.tests.test_testenv: `     "rate_ids": [ 
2023-06-28 19:13:18,933 2898927 ERROR test_odoo_12 odoo.addons.test_testenv.tests.test_testenv: `         [ 
2023-06-28 19:13:18,933 2898927 ERROR test_odoo_12 odoo.addons.test_testenv.tests.test_testenv: `             0, 
2023-06-28 19:13:18,933 2898927 ERROR test_odoo_12 odoo.addons.test_testenv.tests.test_testenv: `             0, 
2023-06-28 19:13:18,933 2898927 ERROR test_odoo_12 odoo.addons.test_testenv.tests.test_testenv: `             [ 
2023-06-28 19:13:18,933 2898927 ERROR test_odoo_12 odoo.addons.test_testenv.tests.test_testenv: `                 0, 
2023-06-28 19:13:18,933 2898927 ERROR test_odoo_12 odoo.addons.test_testenv.tests.test_testenv: `                 0, 
2023-06-28 19:13:18,933 2898927 ERROR test_odoo_12 odoo.addons.test_testenv.tests.test_testenv: `                 { 
2023-06-28 19:13:18,933 2898927 ERROR test_odoo_12 odoo.addons.test_testenv.tests.test_testenv: `                     "currency_id": 1, 
2023-06-28 19:13:18,933 2898927 ERROR test_odoo_12 odoo.addons.test_testenv.tests.test_testenv: `                     "name": "[...]", 
2023-06-28 19:13:18,933 2898927 ERROR test_odoo_12 odoo.addons.test_testenv.tests.test_testenv: `                     "rate": 0.9 
2023-06-28 19:13:18,933 2898927 ERROR test_odoo_12 odoo.addons.test_testenv.tests.test_testenv: `                 } 
2023-06-28 19:13:18,933 2898927 ERROR test_odoo_12 odoo.addons.test_testenv.tests.test_testenv: `             ] 
2023-06-28 19:13:18,933 2898927 ERROR test_odoo_12 odoo.addons.test_testenv.tests.test_testenv: `         ], 
2023-06-28 19:13:18,933 2898927 ERROR test_odoo_12 odoo.addons.test_testenv.tests.test_testenv: `         [ 
2023-06-28 19:13:18,933 2898927 ERROR test_odoo_12 odoo.addons.test_testenv.tests.test_testenv: `             0, 
2023-06-28 19:13:18,934 2898927 ERROR test_odoo_12 odoo.addons.test_testenv.tests.test_testenv: `             0, 
2023-06-28 19:13:18,934 2898927 ERROR test_odoo_12 odoo.addons.test_testenv.tests.test_testenv: `             [ 
2023-06-28 19:13:18,934 2898927 ERROR test_odoo_12 odoo.addons.test_testenv.tests.test_testenv: `                 0, 
2023-06-28 19:13:18,934 2898927 ERROR test_odoo_12 odoo.addons.test_testenv.tests.test_testenv: `                 0, 
2023-06-28 19:13:18,934 2898927 ERROR test_odoo_12 odoo.addons.test_testenv.tests.test_testenv: `                 { 
2023-06-28 19:13:18,934 2898927 ERROR test_odoo_12 odoo.addons.test_testenv.tests.test_testenv: `                     "currency_id": 1, 
2023-06-28 19:13:18,934 2898927 ERROR test_odoo_12 odoo.addons.test_testenv.tests.test_testenv: `                     "name": "[...]", 
2023-06-28 19:13:18,934 2898927 ERROR test_odoo_12 odoo.addons.test_testenv.tests.test_testenv: `                     "rate": 0.95 
2023-06-28 19:13:18,934 2898927 ERROR test_odoo_12 odoo.addons.test_testenv.tests.test_testenv: `                 } 
2023-06-28 19:13:18,934 2898927 ERROR test_odoo_12 odoo.addons.test_testenv.tests.test_testenv: `             ] 
2023-06-28 19:13:18,934 2898927 ERROR test_odoo_12 odoo.addons.test_testenv.tests.test_testenv: `         ] 
2023-06-28 19:13:18,934 2898927 ERROR test_odoo_12 odoo.addons.test_testenv.tests.test_testenv: `     ] 
2023-06-28 19:13:18,934 2898927 ERROR test_odoo_12 odoo.addons.test_testenv.tests.test_testenv: ` } 
2023-06-28 19:13:18,934 2898927 INFO test_odoo_12 odoo.addons.test_testenv.tests.test_testenv: Ran 1 test in 0.452s 
2023-06-28 19:13:18,935 2898927 ERROR test_odoo_12 odoo.addons.test_testenv.tests.test_testenv: FAILED 
2023-06-28 19:13:18,935 2898927 INFO test_odoo_12 odoo.addons.test_testenv.tests.test_testenv:  (errors=1) 
2023-06-28 19:13:18,935 2898927 ERROR test_odoo_12 odoo.modules.module: Module test_testenv: 0 failures, 1 errors 
2023-06-28 19:13:18,956 2898927 INFO test_odoo_12 odoo.modules.loading: 39 modules loaded in 2.60s, 134 queries 
2023-06-28 19:13:19,709 2898927 ERROR test_odoo_12 odoo.modules.loading: At least one test failed when loading the modules. 
2023-06-28 19:13:19,719 2898927 INFO test_odoo_12 odoo.service.server: Starting post tests 
2023-06-28 19:13:19,720 2898927 INFO test_odoo_12 odoo.service.server: All post-tested in 0.00s, 0 queries 
2023-06-28 19:13:19,720 2898927 INFO test_odoo_12 odoo.service.server: Initiating shutdown 
2023-06-28 19:13:19,720 2898927 INFO test_odoo_12 odoo.service.server: Hit CTRL-C again or send a second signal to force the shutdown. 

+===================================================================
| please test [36mtest_testenv[0m (12.0): [31mFAILED![0m
+===================================================================

Name                                                      Stmts   Miss  Cover   Missing
---------------------------------------------------------------------------------------
zerobug-test/test_testenv/models/testenv_model.py            37      7    81%   22, 25, 28, 31, 34, 37, 40
zerobug-test/test_testenv/tests/test_testenv.py             328    233    29%   543-566, 571-630, 635-653, 658-744, 747-771, 782-823, 828-843, 850-867, 873-895, 899-943, 946-984, 987-1015, 1018-1024, 1027-1124, 1135-1189, 1192-1243, 1246-1289, 1297-1313
zerobug-test/test_testenv/tests/testenv.py                 1186    646    46%   351-352, 355-356, 359-360, 363-364, 367-368, 371-372, 375-376, 379-380, 383-384, 387-388, 391-392, 399-400, 419-429, 432-446, 449-454, 465, 471, 477, 483-494, 499-508, 516, 535, 540, 572, 584, 594, 601, 605, 607, 611-614, 617, 622, 640, 662-680, 683, 686-707, 727-729, 771-772, 784, 792-798, 805-806, 809-810, 874, 883-898, 902-908, 911-912, 921, 923, 939-940, 953, 964, 1008, 1012-1016, 1025-1028, 1054, 1056, 1064-1093, 1106-1109, 1121-1124, 1126-1133, 1146, 1160-1165, 1168-1169, 1234-1250, 1254-1265, 1269-1276, 1284-1293, 1296-1307, 1311-1336, 1339-1344, 1348-1357, 1362-1421, 1424-1425, 1430-1441, 1444-1453, 1477-1565, 1604-1611, 1636-1661, 1674-1681, 1708-1710, 1718-1724, 1738-1745, 1751-1752, 1804-1806, 1817, 1826, 1872-1875, 1877, 1915, 1922-1925, 1936-1941, 1982-1983, 1988-1989, 1998, 2005, 2057-2058, 2079-2092, 2118-2119, 2151-2162, 2165-2183, 2218-2276, 2306-2323, 2386-2414, 2417-2430, 2480-2495, 2500-2501, 2576-2587, 2595-2618, 2628-2645, 2659-2736, 2739-2810, 2813-2849, 2875-2882
zerobug-test/test_testenv/wizard/wizard_example_menu.py      34     22    35%   33-37, 40-99, 114
---------------------------------------------------------------------------------------
TOTAL                                                      1585    908    43%
